Log file open, 08/22/22 14:03:59
LogWindows: Failed to load 'aqProf.dll' (GetLastError=126)
LogWindows: File 'aqProf.dll' does not exist
LogWindows: Failed to load 'VtuneApi.dll' (GetLastError=126)
LogWindows: File 'VtuneApi.dll' does not exist
LogWindows: Failed to load 'VtuneApi32e.dll' (GetLastError=126)
LogWindows: File 'VtuneApi32e.dll' does not exist
LogConsoleResponse: Display: Failed to find resolution value strings in scalability ini. Falling back to default.
LogConsoleResponse: Display: Failed to find resolution value strings in scalability ini. Falling back to default.
LogInit: Display: Running engine for game: ProjectOvervharged
LogPlatformFile: Not using cached read wrapper
LogTaskGraph: Started task graph with 5 named threads and 11 total threads with 3 sets of task threads.
LogStats: Stats thread started at 0.364149
LogICUInternationalization: ICU TimeZone Detection - Raw Offset: +6:00, Platform Override: ''
LogInit: Display: Loading text-based GConfig....
LogPluginManager: Mounting plugin MeshPainting
LogPluginManager: Mounting plugin XGEController
LogPluginManager: Mounting plugin Paper2D
LogPluginManager: Mounting plugin LiveLink
LogPluginManager: Mounting plugin EnvironmentQueryEditor
LogPluginManager: Mounting plugin AISupport
LogPluginManager: Mounting plugin LightPropagationVolume
LogPluginManager: Mounting plugin CameraShakePreviewer
LogPluginManager: Mounting plugin GameplayCameras
LogPluginManager: Mounting plugin AnimationSharing
LogPluginManager: Mounting plugin OodleData
LogPluginManager: Mounting plugin CLionSourceCodeAccess
LogPluginManager: Mounting plugin OodleNetwork
LogPluginManager: Mounting plugin CodeLiteSourceCodeAccess
LogPluginManager: Mounting plugin GitSourceControl
LogPluginManager: Mounting plugin KDevelopSourceCodeAccess
LogPluginManager: Mounting plugin NullSourceCodeAccess
LogPluginManager: Mounting plugin PerforceSourceControl
LogPluginManager: Mounting plugin PixWinPlugin
LogPluginManager: Mounting plugin PlasticSourceControl
LogPluginManager: Mounting plugin PluginUtils
LogPluginManager: Mounting plugin PropertyAccessNode
LogPluginManager: Mounting plugin SubversionSourceControl
LogPluginManager: Mounting plugin RiderSourceCodeAccess
LogPluginManager: Mounting plugin TextureFormatOodle
LogPluginManager: Mounting plugin UObjectPlugin
LogPluginManager: Mounting plugin VisualStudioCodeSourceCodeAccess
LogPluginManager: Mounting plugin VisualStudioSourceCodeAccess
LogPluginManager: Mounting plugin XCodeSourceCodeAccess
LogPluginManager: Mounting plugin DatasmithContent
LogPluginManager: Mounting plugin VariantManagerContent
LogPluginManager: Mounting plugin AssetManagerEditor
LogPluginManager: Mounting plugin CurveEditorTools
LogPluginManager: Mounting plugin CryptoKeys
LogPluginManager: Mounting plugin DataValidation
LogPluginManager: Mounting plugin FacialAnimation
LogPluginManager: Mounting plugin GeometryMode
LogPluginManager: Mounting plugin GameplayTagsEditor
LogPluginManager: Mounting plugin MacGraphicsSwitching
LogPluginManager: Mounting plugin MaterialAnalyzer
LogPluginManager: Mounting plugin MobileLauncherProfileWizard
LogPluginManager: Mounting plugin PluginBrowser
LogPluginManager: Mounting plugin SpeedTreeImporter
LogPluginManager: Mounting plugin AlembicImporter
LogPluginManager: Mounting plugin AutomationUtils
LogPluginManager: Mounting plugin BackChannel
LogPluginManager: Mounting plugin ChaosCloth
LogPluginManager: Mounting plugin ChaosEditor
LogPluginManager: Mounting plugin ChaosClothEditor
LogPluginManager: Mounting plugin ChaosSolverPlugin
LogPluginManager: Mounting plugin ChaosNiagara
LogPluginManager: Mounting plugin CharacterAI
LogPluginManager: Mounting plugin GeometryCache
LogPluginManager: Mounting plugin GeometryProcessing
LogPluginManager: Mounting plugin GeometryCollectionPlugin
LogPluginManager: Mounting plugin OpenImageDenoise
LogPluginManager: Mounting plugin MotoSynth
LogPluginManager: Mounting plugin PlatformCrypto
LogPluginManager: Mounting plugin PlanarCut
LogPluginManager: Mounting plugin ProxyLODPlugin
LogPluginManager: Mounting plugin PythonScriptPlugin
LogPluginManager: Mounting plugin Niagara
LogPluginManager: Mounting plugin SkeletalReduction
LogPluginManager: Mounting plugin MagicLeap
LogPluginManager: Mounting plugin LuminPlatformFeatures
LogPluginManager: Mounting plugin MagicLeapLightEstimation
LogPluginManager: Mounting plugin MagicLeapMedia
LogPluginManager: Mounting plugin MagicLeapPassableWorld
LogPluginManager: Mounting plugin MLSDK
LogPluginManager: Mounting plugin AndroidMedia
LogPluginManager: Mounting plugin AvfMedia
LogPluginManager: Mounting plugin ImgMedia
LogPluginManager: Mounting plugin MediaCompositing
LogPluginManager: Mounting plugin MediaPlayerEditor
LogPluginManager: Mounting plugin WebMMedia
LogPluginManager: Mounting plugin WmfMedia
LogPluginManager: Mounting plugin TcpMessaging
LogPluginManager: Mounting plugin UdpMessaging
LogPluginManager: Mounting plugin ActorSequence
LogPluginManager: Mounting plugin LevelSequenceEditor
LogPluginManager: Mounting plugin MatineeToLevelSequence
LogPluginManager: Mounting plugin TemplateSequence
LogPluginManager: Mounting plugin OnlineSubsystem
LogPluginManager: Mounting plugin OnlineSubsystemNull
LogPluginManager: Mounting plugin OnlineSubsystemUtils
LogPluginManager: Mounting plugin LauncherChunkInstaller
LogPluginManager: Mounting plugin ActorLayerUtilities
LogPluginManager: Mounting plugin AndroidDeviceProfileSelector
LogPluginManager: Mounting plugin AndroidMoviePlayer
LogPluginManager: Mounting plugin AndroidPermission
LogPluginManager: Mounting plugin AppleMoviePlayer
LogPluginManager: Mounting plugin AppleImageUtils
LogPluginManager: Mounting plugin ArchVisCharacter
LogPluginManager: Mounting plugin AssetTags
LogPluginManager: Mounting plugin AudioCapture
LogPluginManager: Mounting plugin CableComponent
LogPluginManager: Mounting plugin AudioSynesthesia
LogPluginManager: Mounting plugin ChunkDownloader
LogPluginManager: Mounting plugin CustomMeshComponent
LogPluginManager: Mounting plugin EditableMesh
LogPluginManager: Mounting plugin ExampleDeviceProfileSelector
LogPluginManager: Mounting plugin GooglePAD
LogPluginManager: Mounting plugin GoogleCloudMessaging
LogPluginManager: Mounting plugin IOSDeviceProfileSelector
LogPluginManager: Mounting plugin LinuxDeviceProfileSelector
LogPluginManager: Mounting plugin LocationServicesBPLibrary
LogPluginManager: Mounting plugin MobilePatchingUtils
LogPluginManager: Mounting plugin OpenXR
LogPluginManager: Mounting plugin OpenXRHandTracking
LogPluginManager: Mounting plugin OpenXREyeTracker
LogPluginManager: Mounting plugin PhysXVehicles
LogPluginManager: Mounting plugin ProceduralMeshComponent
LogPluginManager: Mounting plugin PostSplashScreen
LogPluginManager: Mounting plugin PropertyAccessEditor
LogPluginManager: Mounting plugin RuntimePhysXCooking
LogPluginManager: Mounting plugin SoundFields
LogPluginManager: Mounting plugin SignificanceManager
LogPluginManager: Mounting plugin Synthesis
LogPluginManager: Mounting plugin WebMMoviePlayer
LogPluginManager: Mounting plugin WindowsMoviePlayer
LogPluginManager: Mounting plugin ScreenshotTools
LogPluginManager: Mounting plugin MultiUserTakes
LogPluginManager: Mounting plugin Takes
LogPluginManager: Mounting plugin ConcertMain
LogPluginManager: Mounting plugin MultiUserClient
LogPluginManager: Mounting plugin ContentBrowserAssetDataSource
LogPluginManager: Mounting plugin ContentBrowserClassDataSource
LogPluginManager: Mounting plugin ContentBrowserFileDataSource
LogPluginManager: Mounting plugin OnlineSubsystemGooglePlay
LogPluginManager: Mounting plugin OnlineSubsystemIOS
LogPluginManager: Mounting plugin SQLiteCore
LogPluginManager: Mounting plugin OculusVR
LogPluginManager: Mounting plugin SteamVR
LogPluginManager: Mounting plugin ConcertSyncCore
LogPluginManager: Mounting plugin ConcertSyncClient
PixWinPlugin: PIX capture plugin failed to initialize! Check that the process is launched from PIX.
LogInit: Using libcurl 7.55.1-DEV
LogInit:  - built for x86_64-pc-win32
LogInit:  - supports SSL with OpenSSL/1.1.1
LogInit:  - supports HTTP deflate (compression) using libz 1.2.8
LogInit:  - other features:
LogInit:      CURL_VERSION_SSL
LogInit:      CURL_VERSION_LIBZ
LogInit:      CURL_VERSION_IPV6
LogInit:      CURL_VERSION_ASYNCHDNS
LogInit:      CURL_VERSION_LARGEFILE
LogInit:      CURL_VERSION_IDN
LogInit:  CurlRequestOptions (configurable via config and command line):
LogInit:  - bVerifyPeer = true  - Libcurl will verify peer certificate
LogInit:  - bUseHttpProxy = false  - Libcurl will NOT use HTTP proxy
LogInit:  - bDontReuseConnections = false  - Libcurl will reuse connections
LogInit:  - MaxHostConnections = 16  - Libcurl will limit the number of connections to a host
LogInit:  - LocalHostAddr = Default
LogInit:  - BufferSize = 65536
LogOnline: OSS: Creating online subsystem instance for: NULL
LogInit: WinSock: version 1.1 (2.2), MaxSocks=32767, MaxUdp=65467
LogOnline: OSS: TryLoadSubsystemAndSetDefault: Loaded subsystem for module [NULL]
LogOculusPluginWrapper: OculusPlugin initialized successfully
LogHMD: Failed initializing OVRPlugin 1.59.0
LogInit: Build: ++UE4+Release-4.27-CL-18319896
LogInit: Engine Version: 4.27.2-18319896+++UE4+Release-4.27
LogInit: Compatible Engine Version: 4.27.0-17155196+++UE4+Release-4.27
LogInit: Net CL: 17155196
LogInit: OS: Windows 7 (Service Pack 1), CPU:         Intel(R) Core(TM) i3-3220 CPU @ 3.30GHz, GPU: AMD Radeon HD 7700 Series
LogInit: Compiled (64-bit): Nov 30 2021 07:12:08
LogInit: Compiled with Visual C++: 19.24.28315.00
LogInit: Build Configuration: Development
LogInit: Branch Name: ++UE4+Release-4.27
LogInit: Command Line: 
LogInit: Base Directory: D:/INTERNET/UE_4.27/Engine/Binaries/Win64/
LogInit: Allocator: TBB
LogInit: Installed Engine Build: 1
LogDevObjectVersion: Number of dev versions registered: 29
LogDevObjectVersion:   Dev-Blueprints (B0D832E4-1F89-4F0D-ACCF-7EB736FD4AA2): 10
LogDevObjectVersion:   Dev-Build (E1C64328-A22C-4D53-A36C-8E866417BD8C): 0
LogDevObjectVersion:   Dev-Core (375EC13C-06E4-48FB-B500-84F0262A717E): 4
LogDevObjectVersion:   Dev-Editor (E4B068ED-F494-42E9-A231-DA0B2E46BB41): 40
LogDevObjectVersion:   Dev-Framework (CFFC743F-43B0-4480-9391-14DF171D2073): 37
LogDevObjectVersion:   Dev-Mobile (B02B49B5-BB20-44E9-A304-32B752E40360): 3
LogDevObjectVersion:   Dev-Networking (A4E4105C-59A1-49B5-A7C5-40C4547EDFEE): 0
LogDevObjectVersion:   Dev-Online (39C831C9-5AE6-47DC-9A44-9C173E1C8E7C): 0
LogDevObjectVersion:   Dev-Physics (78F01B33-EBEA-4F98-B9B4-84EACCB95AA2): 14
LogDevObjectVersion:   Dev-Platform (6631380F-2D4D-43E0-8009-CF276956A95A): 0
LogDevObjectVersion:   Dev-Rendering (12F88B9F-8875-4AFC-A67C-D90C383ABD29): 45
LogDevObjectVersion:   Dev-Sequencer (7B5AE74C-D270-4C10-A958-57980B212A5A): 13
LogDevObjectVersion:   Dev-VR (D7296918-1DD6-4BDD-9DE2-64A83CC13884): 3
LogDevObjectVersion:   Dev-LoadTimes (C2A15278-BFE7-4AFE-6C17-90FF531DF755): 1
LogDevObjectVersion:   Private-Geometry (6EACA3D4-40EC-4CC1-B786-8BED09428FC5): 3
LogDevObjectVersion:   Dev-AnimPhys (29E575DD-E0A3-4627-9D10-D276232CDCEA): 17
LogDevObjectVersion:   Dev-Anim (AF43A65D-7FD3-4947-9873-3E8ED9C1BB05): 15
LogDevObjectVersion:   Dev-ReflectionCapture (6B266CEC-1EC7-4B8F-A30B-E4D90942FC07): 1
LogDevObjectVersion:   Dev-Automation (0DF73D61-A23F-47EA-B727-89E90C41499A): 1
LogDevObjectVersion:   FortniteMain (601D1886-AC64-4F84-AA16-D3DE0DEAC7D6): 47
LogDevObjectVersion:   FortniteRelease (E7086368-6B23-4C58-8439-1B7016265E91): 1
LogDevObjectVersion:   Dev-Enterprise (9DFFBCD6-494F-0158-E221-12823C92A888): 10
LogDevObjectVersion:   Dev-Niagara (F2AED0AC-9AFE-416F-8664-AA7FFA26D6FC): 1
LogDevObjectVersion:   Dev-Destruction (174F1F0B-B4C6-45A5-B13F-2EE8D0FB917D): 10
LogDevObjectVersion:   Dev-Physics-Ext (35F94A83-E258-406C-A318-09F59610247C): 41
LogDevObjectVersion:   Dev-PhysicsMaterial-Chaos (B68FC16E-8B1B-42E2-B453-215C058844FE): 1
LogDevObjectVersion:   Dev-CineCamera (B2E18506-4273-CFC2-A54E-F4BB758BBA07): 1
LogDevObjectVersion:   Dev-VirtualProduction (64F58936-FD1B-42BA-BA96-7289D5D0FA4E): 1
LogDevObjectVersion:   Dev-MediaFramework (6F0ED827-A609-4895-9C91-998D90180EA4): 2
LogInit: Presizing for max 25165824 objects, including 0 objects not considered by GC, pre-allocating 0 bytes for permanent pool.
LogConfig: Applying CVar settings from Section [/Script/Engine.StreamingSettings] File [D:/Programming/Github/UE4_Overcharged-59c745a522ae409834360515b16e2f3d8499cf40/ProjectOvercharged/Saved/Config/Windows/Engine.ini]
LogConfig: Setting CVar [[s.MinBulkDataSizeForAsyncLoading:131072]]
LogConfig: Setting CVar [[s.AsyncLoadingThreadEnabled:0]]
LogConfig: Setting CVar [[s.EventDrivenLoaderEnabled:1]]
LogConfig: Setting CVar [[s.WarnIfTimeLimitExceeded:0]]
LogConfig: Setting CVar [[s.TimeLimitExceededMultiplier:1.5]]
LogConfig: Setting CVar [[s.TimeLimitExceededMinTime:0.005]]
LogConfig: Setting CVar [[s.UseBackgroundLevelStreaming:1]]
LogConfig: Setting CVar [[s.PriorityAsyncLoadingExtraTime:15.0]]
LogConfig: Setting CVar [[s.LevelStreamingActorsUpdateTimeLimit:5.0]]
LogConfig: Setting CVar [[s.PriorityLevelStreamingActorsUpdateExtraTime:5.0]]
LogConfig: Setting CVar [[s.LevelStreamingComponentsRegistrationGranularity:10]]
LogConfig: Setting CVar [[s.UnregisterComponentsTimeLimit:1.0]]
LogConfig: Setting CVar [[s.LevelStreamingComponentsUnregistrationGranularity:5]]
LogConfig: Setting CVar [[s.FlushStreamingOnExit:1]]
LogInit: Object subsystem initialized
LogConfig: Setting CVar [[con.DebugEarlyDefault:1]]
LogConfig: Setting CVar [[r.setres:1280x720]]
[2022.08.22-08.04.00:608][  0]LogConfig: Setting CVar [[r.VSync:0]]
[2022.08.22-08.04.00:608][  0]LogConfig: Setting CVar [[r.RHICmdBypass:0]]
[2022.08.22-08.04.00:608][  0]LogConfig: Applying CVar settings from Section [/Script/Engine.RendererSettings] File [D:/Programming/Github/UE4_Overcharged-59c745a522ae409834360515b16e2f3d8499cf40/ProjectOvercharged/Saved/Config/Windows/Engine.ini]
[2022.08.22-08.04.00:608][  0]LogConfig: Setting CVar [[r.GPUCrashDebugging:0]]
[2022.08.22-08.04.00:608][  0]LogConfig: Applying CVar settings from Section [/Script/Engine.RendererOverrideSettings] File [D:/Programming/Github/UE4_Overcharged-59c745a522ae409834360515b16e2f3d8499cf40/ProjectOvercharged/Saved/Config/Windows/Engine.ini]
[2022.08.22-08.04.00:608][  0]LogConfig: Applying CVar settings from Section [/Script/Engine.StreamingSettings] File [D:/Programming/Github/UE4_Overcharged-59c745a522ae409834360515b16e2f3d8499cf40/ProjectOvercharged/Saved/Config/Windows/Engine.ini]
[2022.08.22-08.04.00:608][  0]LogConfig: Setting CVar [[s.MinBulkDataSizeForAsyncLoading:131072]]
[2022.08.22-08.04.00:608][  0]LogConfig: Setting CVar [[s.AsyncLoadingThreadEnabled:0]]
[2022.08.22-08.04.00:608][  0]LogConfig: Setting CVar [[s.EventDrivenLoaderEnabled:1]]
[2022.08.22-08.04.00:608][  0]LogConfig: Setting CVar [[s.WarnIfTimeLimitExceeded:0]]
[2022.08.22-08.04.00:608][  0]LogConfig: Setting CVar [[s.TimeLimitExceededMultiplier:1.5]]
[2022.08.22-08.04.00:608][  0]LogConfig: Setting CVar [[s.TimeLimitExceededMinTime:0.005]]
[2022.08.22-08.04.00:608][  0]LogConfig: Setting CVar [[s.UseBackgroundLevelStreaming:1]]
[2022.08.22-08.04.00:608][  0]LogConfig: Setting CVar [[s.PriorityAsyncLoadingExtraTime:15.0]]
[2022.08.22-08.04.00:608][  0]LogConfig: Setting CVar [[s.LevelStreamingActorsUpdateTimeLimit:5.0]]
[2022.08.22-08.04.00:608][  0]LogConfig: Setting CVar [[s.PriorityLevelStreamingActorsUpdateExtraTime:5.0]]
[2022.08.22-08.04.00:608][  0]LogConfig: Setting CVar [[s.LevelStreamingComponentsRegistrationGranularity:10]]
[2022.08.22-08.04.00:608][  0]LogConfig: Setting CVar [[s.UnregisterComponentsTimeLimit:1.0]]
[2022.08.22-08.04.00:608][  0]LogConfig: Setting CVar [[s.LevelStreamingComponentsUnregistrationGranularity:5]]
[2022.08.22-08.04.00:608][  0]LogConfig: Setting CVar [[s.FlushStreamingOnExit:1]]
[2022.08.22-08.04.00:608][  0]LogConfig: Applying CVar settings from Section [/Script/Engine.GarbageCollectionSettings] File [D:/Programming/Github/UE4_Overcharged-59c745a522ae409834360515b16e2f3d8499cf40/ProjectOvercharged/Saved/Config/Windows/Engine.ini]
[2022.08.22-08.04.00:608][  0]LogConfig: Setting CVar [[gc.MaxObjectsNotConsideredByGC:1]]
[2022.08.22-08.04.00:608][  0]LogConfig: Setting CVar [[gc.SizeOfPermanentObjectPool:0]]
[2022.08.22-08.04.00:608][  0]LogConfig: Setting CVar [[gc.FlushStreamingOnGC:0]]
[2022.08.22-08.04.00:608][  0]LogConfig: Setting CVar [[gc.NumRetriesBeforeForcingGC:10]]
[2022.08.22-08.04.00:608][  0]LogConfig: Setting CVar [[gc.AllowParallelGC:1]]
[2022.08.22-08.04.00:608][  0]LogConfig: Setting CVar [[gc.TimeBetweenPurgingPendingKillObjects:61.1]]
[2022.08.22-08.04.00:608][  0]LogConfig: Setting CVar [[gc.MaxObjectsInEditor:25165824]]
[2022.08.22-08.04.00:608][  0]LogConfig: Setting CVar [[gc.IncrementalBeginDestroyEnabled:1]]
[2022.08.22-08.04.00:608][  0]LogConfig: Setting CVar [[gc.CreateGCClusters:1]]
[2022.08.22-08.04.00:608][  0]LogConfig: Setting CVar [[gc.MinGCClusterSize:5]]
[2022.08.22-08.04.00:608][  0]LogConfig: Setting CVar [[gc.ActorClusteringEnabled:0]]
[2022.08.22-08.04.00:608][  0]LogConfig: Setting CVar [[gc.BlueprintClusteringEnabled:0]]
[2022.08.22-08.04.00:608][  0]LogConfig: Setting CVar [[gc.UseDisregardForGCOnDedicatedServers:0]]
[2022.08.22-08.04.00:608][  0]LogConfig: Setting CVar [[gc.MultithreadedDestructionEnabled:1]]
[2022.08.22-08.04.00:608][  0]LogConfig: Applying CVar settings from Section [/Script/Engine.NetworkSettings] File [D:/Programming/Github/UE4_Overcharged-59c745a522ae409834360515b16e2f3d8499cf40/ProjectOvercharged/Saved/Config/Windows/Engine.ini]
[2022.08.22-08.04.00:608][  0]LogConfig: Applying CVar settings from Section [/Script/UnrealEd.CookerSettings] File [D:/Programming/Github/UE4_Overcharged-59c745a522ae409834360515b16e2f3d8499cf40/ProjectOvercharged/Saved/Config/Windows/Engine.ini]
[2022.08.22-08.04.00:614][  0]LogConfig: Applying CVar settings from Section [ViewDistanceQuality@3] File [D:/Programming/Github/UE4_Overcharged-59c745a522ae409834360515b16e2f3d8499cf40/ProjectOvercharged/Saved/Config/Windows/Scalability.ini]
[2022.08.22-08.04.00:614][  0]LogConfig: Setting CVar [[r.SkeletalMeshLODBias:0]]
[2022.08.22-08.04.00:614][  0]LogConfig: Setting CVar [[r.ViewDistanceScale:1.0]]
[2022.08.22-08.04.00:614][  0]LogConfig: Applying CVar settings from Section [AntiAliasingQuality@3] File [D:/Programming/Github/UE4_Overcharged-59c745a522ae409834360515b16e2f3d8499cf40/ProjectOvercharged/Saved/Config/Windows/Scalability.ini]
[2022.08.22-08.04.00:614][  0]LogConfig: Setting CVar [[r.PostProcessAAQuality:4]]
[2022.08.22-08.04.00:614][  0]LogConfig: Applying CVar settings from Section [ShadowQuality@3] File [D:/Programming/Github/UE4_Overcharged-59c745a522ae409834360515b16e2f3d8499cf40/ProjectOvercharged/Saved/Config/Windows/Scalability.ini]
[2022.08.22-08.04.00:614][  0]LogConfig: Setting CVar [[r.LightFunctionQuality:1]]
[2022.08.22-08.04.00:614][  0]LogConfig: Setting CVar [[r.ShadowQuality:5]]
[2022.08.22-08.04.00:615][  0]LogConfig: Setting CVar [[r.Shadow.CSM.MaxCascades:10]]
[2022.08.22-08.04.00:615][  0]LogConfig: Setting CVar [[r.Shadow.MaxResolution:2048]]
[2022.08.22-08.04.00:615][  0]LogConfig: Setting CVar [[r.Shadow.MaxCSMResolution:2048]]
[2022.08.22-08.04.00:615][  0]LogConfig: Setting CVar [[r.Shadow.RadiusThreshold:0.01]]
[2022.08.22-08.04.00:615][  0]LogConfig: Setting CVar [[r.Shadow.DistanceScale:1.0]]
[2022.08.22-08.04.00:615][  0]LogConfig: Setting CVar [[r.Shadow.CSM.TransitionScale:1.0]]
[2022.08.22-08.04.00:615][  0]LogConfig: Setting CVar [[r.Shadow.PreShadowResolutionFactor:1.0]]
[2022.08.22-08.04.00:615][  0]LogConfig: Setting CVar [[r.DistanceFieldShadowing:1]]
[2022.08.22-08.04.00:615][  0]LogConfig: Setting CVar [[r.DistanceFieldAO:1]]
[2022.08.22-08.04.00:615][  0]LogConfig: Setting CVar [[r.AOQuality:2]]
[2022.08.22-08.04.00:615][  0]LogConfig: Setting CVar [[r.VolumetricFog:1]]
[2022.08.22-08.04.00:615][  0]LogConfig: Setting CVar [[r.VolumetricFog.GridPixelSize:8]]
[2022.08.22-08.04.00:615][  0]LogConfig: Setting CVar [[r.VolumetricFog.GridSizeZ:128]]
[2022.08.22-08.04.00:615][  0]LogConfig: Setting CVar [[r.VolumetricFog.HistoryMissSupersampleCount:4]]
[2022.08.22-08.04.00:615][  0]LogConfig: Setting CVar [[r.LightMaxDrawDistanceScale:1]]
[2022.08.22-08.04.00:615][  0]LogConfig: Setting CVar [[r.CapsuleShadows:1]]
[2022.08.22-08.04.00:615][  0]LogConfig: Applying CVar settings from Section [PostProcessQuality@3] File [D:/Programming/Github/UE4_Overcharged-59c745a522ae409834360515b16e2f3d8499cf40/ProjectOvercharged/Saved/Config/Windows/Scalability.ini]
[2022.08.22-08.04.00:615][  0]LogConfig: Setting CVar [[r.MotionBlurQuality:4]]
[2022.08.22-08.04.00:615][  0]LogConfig: Setting CVar [[r.AmbientOcclusionMipLevelFactor:0.4]]
[2022.08.22-08.04.00:615][  0]LogConfig: Setting CVar [[r.AmbientOcclusionMaxQuality:100]]
[2022.08.22-08.04.00:615][  0]LogConfig: Setting CVar [[r.AmbientOcclusionLevels:-1]]
[2022.08.22-08.04.00:615][  0]LogConfig: Setting CVar [[r.AmbientOcclusionRadiusScale:1.0]]
[2022.08.22-08.04.00:615][  0]LogConfig: Setting CVar [[r.DepthOfFieldQuality:2]]
[2022.08.22-08.04.00:615][  0]LogConfig: Setting CVar [[r.RenderTargetPoolMin:400]]
[2022.08.22-08.04.00:615][  0]LogConfig: Setting CVar [[r.LensFlareQuality:2]]
[2022.08.22-08.04.00:615][  0]LogConfig: Setting CVar [[r.SceneColorFringeQuality:1]]
[2022.08.22-08.04.00:615][  0]LogConfig: Setting CVar [[r.EyeAdaptationQuality:2]]
[2022.08.22-08.04.00:615][  0]LogConfig: Setting CVar [[r.BloomQuality:5]]
[2022.08.22-08.04.00:615][  0]LogConfig: Setting CVar [[r.FastBlurThreshold:100]]
[2022.08.22-08.04.00:615][  0]LogConfig: Setting CVar [[r.Upscale.Quality:3]]
[2022.08.22-08.04.00:615][  0]LogConfig: Setting CVar [[r.Tonemapper.GrainQuantization:1]]
[2022.08.22-08.04.00:615][  0]LogConfig: Setting CVar [[r.LightShaftQuality:1]]
[2022.08.22-08.04.00:615][  0]LogConfig: Setting CVar [[r.Filter.SizeScale:1]]
[2022.08.22-08.04.00:615][  0]LogConfig: Setting CVar [[r.Tonemapper.Quality:5]]
[2022.08.22-08.04.00:615][  0]LogConfig: Setting CVar [[r.DOF.Gather.AccumulatorQuality:1        ; higher gathering accumulator quality]]
[2022.08.22-08.04.00:615][  0]LogConfig: Setting CVar [[r.DOF.Gather.PostfilterMethod:1          ; Median3x3 postfilering method]]
[2022.08.22-08.04.00:615][  0]LogConfig: Setting CVar [[r.DOF.Gather.EnableBokehSettings:0       ; no bokeh simulation when gathering]]
[2022.08.22-08.04.00:615][  0]LogConfig: Setting CVar [[r.DOF.Gather.RingCount:4                 ; medium number of samples when gathering]]
[2022.08.22-08.04.00:615][  0]LogConfig: Setting CVar [[r.DOF.Scatter.ForegroundCompositing:1    ; additive foreground scattering]]
[2022.08.22-08.04.00:615][  0]LogConfig: Setting CVar [[r.DOF.Scatter.BackgroundCompositing:2    ; additive background scattering]]
[2022.08.22-08.04.00:615][  0]LogConfig: Setting CVar [[r.DOF.Scatter.EnableBokehSettings:1      ; bokeh simulation when scattering]]
[2022.08.22-08.04.00:615][  0]LogConfig: Setting CVar [[r.DOF.Scatter.MaxSpriteRatio:0.1         ; only a maximum of 10% of scattered bokeh]]
[2022.08.22-08.04.00:615][  0]LogConfig: Setting CVar [[r.DOF.Recombine.Quality:1                ; cheap slight out of focus]]
[2022.08.22-08.04.00:615][  0]LogConfig: Setting CVar [[r.DOF.Recombine.EnableBokehSettings:0    ; no bokeh simulation on slight out of focus]]
[2022.08.22-08.04.00:615][  0]LogConfig: Setting CVar [[r.DOF.TemporalAAQuality:1                ; more stable temporal accumulation]]
[2022.08.22-08.04.00:615][  0]LogConfig: Setting CVar [[r.DOF.Kernel.MaxForegroundRadius:0.025]]
[2022.08.22-08.04.00:615][  0]LogConfig: Setting CVar [[r.DOF.Kernel.MaxBackgroundRadius:0.025]]
[2022.08.22-08.04.00:615][  0]LogConfig: Applying CVar settings from Section [TextureQuality@3] File [D:/Programming/Github/UE4_Overcharged-59c745a522ae409834360515b16e2f3d8499cf40/ProjectOvercharged/Saved/Config/Windows/Scalability.ini]
[2022.08.22-08.04.00:615][  0]LogConfig: Setting CVar [[r.Streaming.MipBias:0]]
[2022.08.22-08.04.00:615][  0]LogConfig: Setting CVar [[r.Streaming.AmortizeCPUToGPUCopy:0]]
[2022.08.22-08.04.00:615][  0]LogConfig: Setting CVar [[r.Streaming.MaxNumTexturesToStreamPerFrame:0]]
[2022.08.22-08.04.00:615][  0]LogConfig: Setting CVar [[r.Streaming.Boost:1]]
[2022.08.22-08.04.00:615][  0]LogConfig: Setting CVar [[r.MaxAnisotropy:8]]
[2022.08.22-08.04.00:615][  0]LogConfig: Setting CVar [[r.VT.MaxAnisotropy:8]]
[2022.08.22-08.04.00:615][  0]LogConfig: Setting CVar [[r.Streaming.LimitPoolSizeToVRAM:0]]
[2022.08.22-08.04.00:615][  0]LogConfig: Setting CVar [[r.Streaming.PoolSize:1000]]
[2022.08.22-08.04.00:615][  0]LogConfig: Setting CVar [[r.Streaming.MaxEffectiveScreenSize:0]]
[2022.08.22-08.04.00:615][  0]LogConfig: Applying CVar settings from Section [EffectsQuality@3] File [D:/Programming/Github/UE4_Overcharged-59c745a522ae409834360515b16e2f3d8499cf40/ProjectOvercharged/Saved/Config/Windows/Scalability.ini]
[2022.08.22-08.04.00:615][  0]LogConfig: Setting CVar [[r.TranslucencyLightingVolumeDim:64]]
[2022.08.22-08.04.00:615][  0]LogConfig: Setting CVar [[r.RefractionQuality:2]]
[2022.08.22-08.04.00:615][  0]LogConfig: Setting CVar [[r.SSR.Quality:3]]
[2022.08.22-08.04.00:615][  0]LogConfig: Setting CVar [[r.SSR.HalfResSceneColor:0]]
[2022.08.22-08.04.00:615][  0]LogConfig: Setting CVar [[r.SceneColorFormat:4]]
[2022.08.22-08.04.00:615][  0]LogConfig: Setting CVar [[r.DetailMode:2]]
[2022.08.22-08.04.00:615][  0]LogConfig: Setting CVar [[r.TranslucencyVolumeBlur:1]]
[2022.08.22-08.04.00:615][  0]LogConfig: Setting CVar [[r.MaterialQualityLevel:1 ; High quality]]
[2022.08.22-08.04.00:615][  0]LogConfig: Setting CVar [[r.AnisotropicMaterials:1]]
[2022.08.22-08.04.00:615][  0]LogConfig: Setting CVar [[r.SSS.Scale:1]]
[2022.08.22-08.04.00:615][  0]LogConfig: Setting CVar [[r.SSS.SampleSet:2]]
[2022.08.22-08.04.00:615][  0]LogConfig: Setting CVar [[r.SSS.Quality:1]]
[2022.08.22-08.04.00:615][  0]LogConfig: Setting CVar [[r.SSS.HalfRes:0]]
[2022.08.22-08.04.00:615][  0]LogConfig: Setting CVar [[r.SSGI.Quality:3]]
[2022.08.22-08.04.00:615][  0]LogConfig: Setting CVar [[r.EmitterSpawnRateScale:1.0]]
[2022.08.22-08.04.00:615][  0]LogConfig: Setting CVar [[r.ParticleLightQuality:2]]
[2022.08.22-08.04.00:615][  0]LogConfig: Setting CVar [[r.SkyAtmosphere.AerialPerspectiveLUT.FastApplyOnOpaque:1 ; Always have FastSkyLUT 1 in this case to avoid wrong sky]]
[2022.08.22-08.04.00:616][  0]LogConfig: Setting CVar [[r.SkyAtmosphere.AerialPerspectiveLUT.SampleCountMaxPerSlice:4]]
[2022.08.22-08.04.00:616][  0]LogConfig: Setting CVar [[r.SkyAtmosphere.AerialPerspectiveLUT.DepthResolution:16.0]]
[2022.08.22-08.04.00:616][  0]LogConfig: Setting CVar [[r.SkyAtmosphere.FastSkyLUT:1]]
[2022.08.22-08.04.00:616][  0]LogConfig: Setting CVar [[r.SkyAtmosphere.FastSkyLUT.SampleCountMin:4.0]]
[2022.08.22-08.04.00:616][  0]LogConfig: Setting CVar [[r.SkyAtmosphere.FastSkyLUT.SampleCountMax:128.0]]
[2022.08.22-08.04.00:616][  0]LogConfig: Setting CVar [[r.SkyAtmosphere.SampleCountMin:4.0]]
[2022.08.22-08.04.00:616][  0]LogConfig: Setting CVar [[r.SkyAtmosphere.SampleCountMax:128.0]]
[2022.08.22-08.04.00:616][  0]LogConfig: Setting CVar [[r.SkyAtmosphere.TransmittanceLUT.UseSmallFormat:0]]
[2022.08.22-08.04.00:616][  0]LogConfig: Setting CVar [[r.SkyAtmosphere.TransmittanceLUT.SampleCount:10.0]]
[2022.08.22-08.04.00:616][  0]LogConfig: Setting CVar [[r.SkyAtmosphere.MultiScatteringLUT.SampleCount:15.0]]
[2022.08.22-08.04.00:616][  0]LogConfig: Setting CVar [[r.SkyLight.RealTimeReflectionCapture:1]]
[2022.08.22-08.04.00:616][  0]LogConfig: Applying CVar settings from Section [FoliageQuality@3] File [D:/Programming/Github/UE4_Overcharged-59c745a522ae409834360515b16e2f3d8499cf40/ProjectOvercharged/Saved/Config/Windows/Scalability.ini]
[2022.08.22-08.04.00:616][  0]LogConfig: Setting CVar [[foliage.DensityScale:1.0]]
[2022.08.22-08.04.00:616][  0]LogConfig: Setting CVar [[grass.DensityScale:1.0]]
[2022.08.22-08.04.00:616][  0]LogConfig: Applying CVar settings from Section [ShadingQuality@3] File [D:/Programming/Github/UE4_Overcharged-59c745a522ae409834360515b16e2f3d8499cf40/ProjectOvercharged/Saved/Config/Windows/Scalability.ini]
[2022.08.22-08.04.00:616][  0]LogConfig: Setting CVar [[r.HairStrands.SkyLighting.IntegrationType:2]]
[2022.08.22-08.04.00:616][  0]LogConfig: Setting CVar [[r.HairStrands.SkyAO.SampleCount:4]]
[2022.08.22-08.04.00:616][  0]LogConfig: Setting CVar [[r.HairStrands.Visibility.MSAA.SamplePerPixel:4]]
[2022.08.22-08.04.00:616][  0]LogInit: Selected Device Profile: [Windows]
[2022.08.22-08.04.00:616][  0]LogInit: Applying CVar settings loaded from the selected device profile: [Windows]
[2022.08.22-08.04.00:616][  0]LogHAL: Display: Platform has ~ 8 GB [8554311680 / 8589934592 / 8], which maps to Default [LargestMinGB=32, LargerMinGB=12, DefaultMinGB=8, SmallerMinGB=6, SmallestMinGB=0)
[2022.08.22-08.04.00:616][  0]LogInit: Going up to parent DeviceProfile []
[2022.08.22-08.04.00:616][  0]LogConfig: Applying CVar settings from Section [ViewDistanceQuality@0] File [D:/Programming/Github/UE4_Overcharged-59c745a522ae409834360515b16e2f3d8499cf40/ProjectOvercharged/Saved/Config/Windows/Scalability.ini]
[2022.08.22-08.04.00:616][  0]LogConfig: Setting CVar [[r.SkeletalMeshLODBias:2]]
[2022.08.22-08.04.00:616][  0]LogConfig: Setting CVar [[r.ViewDistanceScale:0.4]]
[2022.08.22-08.04.00:616][  0]LogConfig: Applying CVar settings from Section [AntiAliasingQuality@1] File [D:/Programming/Github/UE4_Overcharged-59c745a522ae409834360515b16e2f3d8499cf40/ProjectOvercharged/Saved/Config/Windows/Scalability.ini]
[2022.08.22-08.04.00:616][  0]LogConfig: Setting CVar [[r.PostProcessAAQuality:2]]
[2022.08.22-08.04.00:616][  0]LogConfig: Applying CVar settings from Section [ShadowQuality@1] File [D:/Programming/Github/UE4_Overcharged-59c745a522ae409834360515b16e2f3d8499cf40/ProjectOvercharged/Saved/Config/Windows/Scalability.ini]
[2022.08.22-08.04.00:616][  0]LogConfig: Setting CVar [[r.LightFunctionQuality:1]]
[2022.08.22-08.04.00:616][  0]LogConfig: Setting CVar [[r.ShadowQuality:3]]
[2022.08.22-08.04.00:616][  0]LogConfig: Setting CVar [[r.Shadow.CSM.MaxCascades:1]]
[2022.08.22-08.04.00:616][  0]LogConfig: Setting CVar [[r.Shadow.MaxResolution:1024]]
[2022.08.22-08.04.00:616][  0]LogConfig: Setting CVar [[r.Shadow.MaxCSMResolution:1024]]
[2022.08.22-08.04.00:616][  0]LogConfig: Setting CVar [[r.Shadow.RadiusThreshold:0.05]]
[2022.08.22-08.04.00:616][  0]LogConfig: Setting CVar [[r.Shadow.DistanceScale:0.7]]
[2022.08.22-08.04.00:616][  0]LogConfig: Setting CVar [[r.Shadow.CSM.TransitionScale:0.25]]
[2022.08.22-08.04.00:616][  0]LogConfig: Setting CVar [[r.Shadow.PreShadowResolutionFactor:0.5]]
[2022.08.22-08.04.00:616][  0]LogConfig: Setting CVar [[r.DistanceFieldShadowing:0]]
[2022.08.22-08.04.00:616][  0]LogConfig: Setting CVar [[r.DistanceFieldAO:0]]
[2022.08.22-08.04.00:616][  0]LogConfig: Setting CVar [[r.VolumetricFog:0]]
[2022.08.22-08.04.00:616][  0]LogConfig: Setting CVar [[r.LightMaxDrawDistanceScale:.5]]
[2022.08.22-08.04.00:616][  0]LogConfig: Setting CVar [[r.CapsuleShadows:1]]
[2022.08.22-08.04.00:616][  0]LogConfig: Applying CVar settings from Section [PostProcessQuality@0] File [D:/Programming/Github/UE4_Overcharged-59c745a522ae409834360515b16e2f3d8499cf40/ProjectOvercharged/Saved/Config/Windows/Scalability.ini]
[2022.08.22-08.04.00:616][  0]LogConfig: Setting CVar [[r.MotionBlurQuality:0]]
[2022.08.22-08.04.00:616][  0]LogConfig: Setting CVar [[r.AmbientOcclusionMipLevelFactor:1.0]]
[2022.08.22-08.04.00:616][  0]LogConfig: Setting CVar [[r.AmbientOcclusionMaxQuality:0]]
[2022.08.22-08.04.00:616][  0]LogConfig: Setting CVar [[r.AmbientOcclusionLevels:0]]
[2022.08.22-08.04.00:616][  0]LogConfig: Setting CVar [[r.AmbientOcclusionRadiusScale:1.2]]
[2022.08.22-08.04.00:616][  0]LogConfig: Setting CVar [[r.DepthOfFieldQuality:0]]
[2022.08.22-08.04.00:616][  0]LogConfig: Setting CVar [[r.RenderTargetPoolMin:300]]
[2022.08.22-08.04.00:616][  0]LogConfig: Setting CVar [[r.LensFlareQuality:0]]
[2022.08.22-08.04.00:616][  0]LogConfig: Setting CVar [[r.SceneColorFringeQuality:0]]
[2022.08.22-08.04.00:616][  0]LogConfig: Setting CVar [[r.EyeAdaptationQuality:2]]
[2022.08.22-08.04.00:616][  0]LogConfig: Setting CVar [[r.BloomQuality:4]]
[2022.08.22-08.04.00:616][  0]LogConfig: Setting CVar [[r.FastBlurThreshold:0]]
[2022.08.22-08.04.00:616][  0]LogConfig: Setting CVar [[r.Upscale.Quality:1]]
[2022.08.22-08.04.00:616][  0]LogConfig: Setting CVar [[r.Tonemapper.GrainQuantization:0]]
[2022.08.22-08.04.00:616][  0]LogConfig: Setting CVar [[r.LightShaftQuality:0]]
[2022.08.22-08.04.00:616][  0]LogConfig: Setting CVar [[r.Filter.SizeScale:0.6]]
[2022.08.22-08.04.00:616][  0]LogConfig: Setting CVar [[r.Tonemapper.Quality:0]]
[2022.08.22-08.04.00:616][  0]LogConfig: Applying CVar settings from Section [TextureQuality@1] File [D:/Programming/Github/UE4_Overcharged-59c745a522ae409834360515b16e2f3d8499cf40/ProjectOvercharged/Saved/Config/Windows/Scalability.ini]
[2022.08.22-08.04.00:616][  0]LogConfig: Setting CVar [[r.Streaming.MipBias:1]]
[2022.08.22-08.04.00:616][  0]LogConfig: Setting CVar [[r.Streaming.AmortizeCPUToGPUCopy:0]]
[2022.08.22-08.04.00:616][  0]LogConfig: Setting CVar [[r.Streaming.MaxNumTexturesToStreamPerFrame:0]]
[2022.08.22-08.04.00:617][  0]LogConfig: Setting CVar [[r.Streaming.Boost:1]]
[2022.08.22-08.04.00:617][  0]LogConfig: Setting CVar [[r.MaxAnisotropy:2]]
[2022.08.22-08.04.00:617][  0]LogConfig: Setting CVar [[r.VT.MaxAnisotropy:4]]
[2022.08.22-08.04.00:617][  0]LogConfig: Setting CVar [[r.Streaming.LimitPoolSizeToVRAM:1]]
[2022.08.22-08.04.00:617][  0]LogConfig: Setting CVar [[r.Streaming.PoolSize:600]]
[2022.08.22-08.04.00:617][  0]LogConfig: Setting CVar [[r.Streaming.MaxEffectiveScreenSize:0]]
[2022.08.22-08.04.00:617][  0]LogConfig: Applying CVar settings from Section [EffectsQuality@2] File [D:/Programming/Github/UE4_Overcharged-59c745a522ae409834360515b16e2f3d8499cf40/ProjectOvercharged/Saved/Config/Windows/Scalability.ini]
[2022.08.22-08.04.00:617][  0]LogConfig: Setting CVar [[r.TranslucencyLightingVolumeDim:48]]
[2022.08.22-08.04.00:617][  0]LogConfig: Setting CVar [[r.RefractionQuality:2]]
[2022.08.22-08.04.00:617][  0]LogConfig: Setting CVar [[r.SSR.Quality:2]]
[2022.08.22-08.04.00:617][  0]LogConfig: Setting CVar [[r.SSR.HalfResSceneColor:1]]
[2022.08.22-08.04.00:617][  0]LogConfig: Setting CVar [[r.SceneColorFormat:3]]
[2022.08.22-08.04.00:617][  0]LogConfig: Setting CVar [[r.DetailMode:1]]
[2022.08.22-08.04.00:617][  0]LogConfig: Setting CVar [[r.TranslucencyVolumeBlur:1]]
[2022.08.22-08.04.00:617][  0]LogConfig: Setting CVar [[r.MaterialQualityLevel:1 ; High quality]]
[2022.08.22-08.04.00:617][  0]LogConfig: Setting CVar [[r.AnisotropicMaterials:1]]
[2022.08.22-08.04.00:617][  0]LogConfig: Setting CVar [[r.SSS.Scale:1]]
[2022.08.22-08.04.00:617][  0]LogConfig: Setting CVar [[r.SSS.SampleSet:1]]
[2022.08.22-08.04.00:617][  0]LogConfig: Setting CVar [[r.SSS.Quality:-1]]
[2022.08.22-08.04.00:617][  0]LogConfig: Setting CVar [[r.SSS.HalfRes:1]]
[2022.08.22-08.04.00:617][  0]LogConfig: Setting CVar [[r.SSGI.Quality:2]]
[2022.08.22-08.04.00:617][  0]LogConfig: Setting CVar [[r.EmitterSpawnRateScale:0.5]]
[2022.08.22-08.04.00:617][  0]LogConfig: Setting CVar [[r.ParticleLightQuality:1]]
[2022.08.22-08.04.00:617][  0]LogConfig: Setting CVar [[r.SkyAtmosphere.AerialPerspectiveLUT.FastApplyOnOpaque:1 ; Always have FastSkyLUT 1 in this case to avoid wrong sky]]
[2022.08.22-08.04.00:617][  0]LogConfig: Setting CVar [[r.SkyAtmosphere.AerialPerspectiveLUT.SampleCountMaxPerSlice:2]]
[2022.08.22-08.04.00:617][  0]LogConfig: Setting CVar [[r.SkyAtmosphere.AerialPerspectiveLUT.DepthResolution:16.0]]
[2022.08.22-08.04.00:617][  0]LogConfig: Setting CVar [[r.SkyAtmosphere.FastSkyLUT:1]]
[2022.08.22-08.04.00:617][  0]LogConfig: Setting CVar [[r.SkyAtmosphere.FastSkyLUT.SampleCountMin:4.0]]
[2022.08.22-08.04.00:617][  0]LogConfig: Setting CVar [[r.SkyAtmosphere.FastSkyLUT.SampleCountMax:64.0]]
[2022.08.22-08.04.00:617][  0]LogConfig: Setting CVar [[r.SkyAtmosphere.SampleCountMin:4.0]]
[2022.08.22-08.04.00:617][  0]LogConfig: Setting CVar [[r.SkyAtmosphere.SampleCountMax:64.0]]
[2022.08.22-08.04.00:617][  0]LogConfig: Setting CVar [[r.SkyAtmosphere.TransmittanceLUT.UseSmallFormat:0]]
[2022.08.22-08.04.00:617][  0]LogConfig: Setting CVar [[r.SkyAtmosphere.TransmittanceLUT.SampleCount:10.0]]
[2022.08.22-08.04.00:617][  0]LogConfig: Setting CVar [[r.SkyAtmosphere.MultiScatteringLUT.SampleCount:15.0]]
[2022.08.22-08.04.00:617][  0]LogConfig: Setting CVar [[r.SkyLight.RealTimeReflectionCapture:1]]
[2022.08.22-08.04.00:617][  0]LogConfig: Applying CVar settings from Section [FoliageQuality@2] File [D:/Programming/Github/UE4_Overcharged-59c745a522ae409834360515b16e2f3d8499cf40/ProjectOvercharged/Saved/Config/Windows/Scalability.ini]
[2022.08.22-08.04.00:617][  0]LogConfig: Setting CVar [[foliage.DensityScale:0.8]]
[2022.08.22-08.04.00:617][  0]LogConfig: Setting CVar [[grass.DensityScale:0.8]]
[2022.08.22-08.04.00:617][  0]LogConfig: Applying CVar settings from Section [ShadingQuality@1] File [D:/Programming/Github/UE4_Overcharged-59c745a522ae409834360515b16e2f3d8499cf40/ProjectOvercharged/Saved/Config/Windows/Scalability.ini]
[2022.08.22-08.04.00:617][  0]LogConfig: Setting CVar [[r.HairStrands.SkyLighting.IntegrationType:2]]
[2022.08.22-08.04.00:617][  0]LogConfig: Setting CVar [[r.HairStrands.SkyAO.SampleCount:4]]
[2022.08.22-08.04.00:617][  0]LogConfig: Setting CVar [[r.HairStrands.Visibility.MSAA.SamplePerPixel:1]]
[2022.08.22-08.04.00:617][  0]LogConfig: Applying CVar settings from Section [Startup] File [../../../Engine/Config/ConsoleVariables.ini]
[2022.08.22-08.04.00:617][  0]LogConfig: Setting CVar [[net.UseAdaptiveNetUpdateFrequency:0]]
[2022.08.22-08.04.00:617][  0]LogConfig: Setting CVar [[p.chaos.AllowCreatePhysxBodies:1]]
[2022.08.22-08.04.00:617][  0]LogConfig: Setting CVar [[fx.SkipVectorVMBackendOptimizations:1]]
[2022.08.22-08.04.00:617][  0]LogConfig: Applying CVar settings from Section [ConsoleVariables] File [D:/Programming/Github/UE4_Overcharged-59c745a522ae409834360515b16e2f3d8499cf40/ProjectOvercharged/Saved/Config/Windows/Engine.ini]
[2022.08.22-08.04.00:617][  0]LogConfig: Applying CVar settings from Section [ConsoleVariables] File [D:/Programming/Github/UE4_Overcharged-59c745a522ae409834360515b16e2f3d8499cf40/ProjectOvercharged/Saved/Config/Windows/Editor.ini]
[2022.08.22-08.04.00:618][  0]LogInit: Computer: ADMIN-ПК
[2022.08.22-08.04.00:618][  0]LogInit: User: Admin
[2022.08.22-08.04.00:618][  0]LogInit: CPU Page size=4096, Cores=2
[2022.08.22-08.04.00:618][  0]LogInit: High frequency timer resolution =3.215449 MHz
[2022.08.22-08.04.00:618][  0]LogMemory: Memory total: Physical=8.0GB (8GB approx)
[2022.08.22-08.04.00:618][  0]LogMemory: Platform Memory Stats for Windows
[2022.08.22-08.04.00:618][  0]LogMemory: Process Physical Memory: 143.79 MB used, 143.79 MB peak
[2022.08.22-08.04.00:618][  0]LogMemory: Process Virtual Memory: 119.07 MB used, 119.07 MB peak
[2022.08.22-08.04.00:618][  0]LogMemory: Physical Memory: 3845.26 MB used,  4312.77 MB free, 8158.03 MB total
[2022.08.22-08.04.00:618][  0]LogMemory: Virtual Memory: 8377635.00 MB used,  10972.90 MB free, 8388608.00 MB total
[2022.08.22-08.04.00:630][  0]LogWindows: WindowsPlatformFeatures enabled
[2022.08.22-08.04.00:649][  0]LogInit: Physics initialised using underlying interface: PhysX
[2022.08.22-08.04.00:649][  0]LogInit: Using OS detected language (ru-RU).
[2022.08.22-08.04.00:649][  0]LogInit: Using OS detected locale (ru-RU).
[2022.08.22-08.04.00:651][  0]LogTextLocalizationManager: No specific localization for 'ru-RU' exists, so the 'ru' localization will be used.
[2022.08.22-08.04.00:651][  0]LogTextLocalizationResource: LocRes '../../../Engine/Content/Localization/Engine/ru/Engine.locres' could not be opened for reading!
[2022.08.22-08.04.00:652][  0]LogWindows: Failed to load 'shcore.dll' (GetLastError=126)
[2022.08.22-08.04.00:652][  0]LogWindows: File 'shcore.dll' does not exist
[2022.08.22-08.04.00:652][  0]LogInit: Setting process to DPI aware
[2022.08.22-08.04.00:657][  0]LogWindowsTextInputMethodSystem: Display: IME system deactivated.
[2022.08.22-08.04.00:672][  0]LogSlate: New Slate User Created.  User Index 0, Is Virtual User: 0
[2022.08.22-08.04.00:672][  0]LogSlate: Slate User Registered.  User Index 0, Is Virtual User: 0
[2022.08.22-08.04.00:814][  0]LogD3D11RHI: Loaded GFSDK_Aftermath_Lib.x64.dll
[2022.08.22-08.04.00:816][  0]LogHMD: Failed to initialize OpenVR with code 110
[2022.08.22-08.04.00:816][  0]LogD3D11RHI: D3D11 min allowed feature level: 11_0
[2022.08.22-08.04.00:816][  0]LogD3D11RHI: D3D11 max allowed feature level: 11_0
[2022.08.22-08.04.00:816][  0]LogD3D11RHI: D3D11 adapters:
[2022.08.22-08.04.00:839][  0]LogD3D11RHI:    0. 'AMD Radeon HD 7700 Series' (Feature Level 11_0)
[2022.08.22-08.04.00:839][  0]LogD3D11RHI:       1000/0/3823 MB DedicatedVideo/DedicatedSystem/SharedSystem, Outputs:1, VendorId:0x1002
[2022.08.22-08.04.00:839][  0]LogD3D11RHI: Chosen D3D11 Adapter:
[2022.08.22-08.04.00:839][  0]LogD3D11RHI:     Description : AMD Radeon HD 7700 Series
[2022.08.22-08.04.00:839][  0]LogD3D11RHI:     VendorId    : 1002
[2022.08.22-08.04.00:839][  0]LogD3D11RHI:     DeviceId    : 683f
[2022.08.22-08.04.00:839][  0]LogD3D11RHI:     SubSysId    : 4271043
[2022.08.22-08.04.00:839][  0]LogD3D11RHI:     Revision    : 0000
[2022.08.22-08.04.00:839][  0]LogD3D11RHI:     DedicatedVideoMemory : 1049604096 bytes
[2022.08.22-08.04.00:839][  0]LogD3D11RHI:     DedicatedSystemMemory : 0 bytes
[2022.08.22-08.04.00:840][  0]LogD3D11RHI:     SharedSystemMemory : 4008720384 bytes
[2022.08.22-08.04.00:840][  0]LogD3D11RHI:     AdapterLuid : 0 52095
[2022.08.22-08.04.00:844][  0]LogD3D11RHI: Creating new Direct3DDevice
[2022.08.22-08.04.00:844][  0]LogD3D11RHI:     GPU DeviceId: 0x683f (for the marketing name, search the web for "GPU Device Id")
[2022.08.22-08.04.00:844][  0]LogWindows: EnumDisplayDevices:
[2022.08.22-08.04.00:844][  0]LogWindows:    0. 'AMD Radeon HD 7700 Series' (P:1 D:1)
[2022.08.22-08.04.00:845][  0]LogWindows:    1. 'AMD Radeon HD 7700 Series' (P:0 D:0)
[2022.08.22-08.04.00:845][  0]LogWindows:    2. 'AMD Radeon HD 7700 Series' (P:0 D:0)
[2022.08.22-08.04.00:845][  0]LogWindows:    3. 'AMD Radeon HD 7700 Series' (P:0 D:0)
[2022.08.22-08.04.00:845][  0]LogWindows:    4. 'AMD Radeon HD 7700 Series' (P:0 D:0)
[2022.08.22-08.04.00:845][  0]LogWindows:    5. 'AMD Radeon HD 7700 Series' (P:0 D:0)
[2022.08.22-08.04.00:845][  0]LogWindows:    6. 'AMD Radeon HD 7700 Series' (P:0 D:0)
[2022.08.22-08.04.00:846][  0]LogWindows:    7. 'AMD Radeon HD 7700 Series' (P:0 D:0)
[2022.08.22-08.04.00:846][  0]LogWindows:    8. 'RDPDD Chained DD' (P:0 D:0)
[2022.08.22-08.04.00:846][  0]LogWindows:    9. 'RDP Encoder Mirror Driver' (P:0 D:0)
[2022.08.22-08.04.00:846][  0]LogWindows:    10. 'RDP Reflector Display Driver' (P:0 D:0)
[2022.08.22-08.04.00:846][  0]LogWindows: DebugString: GetVideoDriverDetailsInvalid PrimaryIsNotTheChoosenAdapter GetVideoDriverDetailsInvalid PrimaryIsNotTheChoosenAdapter GetVideoDriverDetailsInvalid PrimaryIsNotTheChoosenAdapter FoundDriverCount:8 
[2022.08.22-08.04.00:846][  0]LogD3D11RHI:     Adapter Name: AMD Radeon HD 7700 Series
[2022.08.22-08.04.00:846][  0]LogD3D11RHI:   Driver Version: Adrenalin 2020 21.3.1 (internal:27.20.15003.1004, unified:27.20.15003.1004)
[2022.08.22-08.04.00:846][  0]LogD3D11RHI:      Driver Date: 3-10-2021
[2022.08.22-08.04.00:846][  0]LogRHI: Texture pool is 700 MB (70% of 1000 MB)
[2022.08.22-08.04.00:871][  0]LogD3D11RHI: Creating D3DDevice with AMD AGS, using adapter:
[2022.08.22-08.04.00:871][  0]LogD3D11RHI:     Description : AMD Radeon HD 7700 Series
[2022.08.22-08.04.00:871][  0]LogD3D11RHI:     VendorId    : 1002
[2022.08.22-08.04.00:871][  0]LogD3D11RHI:     DeviceId    : 683f
[2022.08.22-08.04.00:871][  0]LogD3D11RHI:     SubSysId    : 4271043
[2022.08.22-08.04.00:871][  0]LogD3D11RHI:     Revision    : 0000
[2022.08.22-08.04.00:871][  0]LogD3D11RHI:     DedicatedVideoMemory : 1049604096 bytes
[2022.08.22-08.04.00:871][  0]LogD3D11RHI:     DedicatedSystemMemory : 0 bytes
[2022.08.22-08.04.00:871][  0]LogD3D11RHI:     SharedSystemMemory : 4008720384 bytes
[2022.08.22-08.04.00:871][  0]LogD3D11RHI:     AdapterLuid : 0 52095
[2022.08.22-08.04.00:890][  0]LogD3D11RHI: Created device via AGS, feature level 11_0, supported extensions 1fffffbf.
[2022.08.22-08.04.00:890][  0]LogD3D11RHI: RHI has support for 64 bit atomics
[2022.08.22-08.04.00:890][  0]LogD3D11RHI: Async texture creation enabled
[2022.08.22-08.04.00:901][  0]LogD3D11RHI: GPU Timing Frequency: 27.000000 (Debug: 2 1)
[2022.08.22-08.04.01:289][  0]LogTargetPlatformManager: Display: Loaded TargetPlatform 'AllDesktop'
[2022.08.22-08.04.01:314][  0]LogTargetPlatformManager: Display: Loaded TargetPlatform 'Android'
[2022.08.22-08.04.01:314][  0]LogTargetPlatformManager: Display: Loaded TargetPlatform 'Android_ASTC'
[2022.08.22-08.04.01:314][  0]LogTargetPlatformManager: Display: Loaded TargetPlatform 'Android_DXT'
[2022.08.22-08.04.01:314][  0]LogTargetPlatformManager: Display: Loaded TargetPlatform 'Android_ETC2'
[2022.08.22-08.04.01:314][  0]LogTargetPlatformManager: Display: Loaded TargetPlatform 'AndroidClient'
[2022.08.22-08.04.01:314][  0]LogTargetPlatformManager: Display: Loaded TargetPlatform 'Android_ASTCClient'
[2022.08.22-08.04.01:314][  0]LogTargetPlatformManager: Display: Loaded TargetPlatform 'Android_DXTClient'
[2022.08.22-08.04.01:314][  0]LogTargetPlatformManager: Display: Loaded TargetPlatform 'Android_ETC2Client'
[2022.08.22-08.04.01:314][  0]LogTargetPlatformManager: Display: Loaded TargetPlatform 'Android_Multi'
[2022.08.22-08.04.01:314][  0]LogTargetPlatformManager: Display: Loaded TargetPlatform 'Android_MultiClient'
[2022.08.22-08.04.01:333][  0]LogTargetPlatformManager: Display: Loaded TargetPlatform 'IOSClient'
[2022.08.22-08.04.01:333][  0]LogTargetPlatformManager: Display: Loaded TargetPlatform 'IOS'
[2022.08.22-08.04.01:343][  0]LogTargetPlatformManager: Display: Loaded TargetPlatform 'Linux'
[2022.08.22-08.04.01:348][  0]LogTargetPlatformManager: Display: Loaded TargetPlatform 'LinuxNoEditor'
[2022.08.22-08.04.01:352][  0]LogTargetPlatformManager: Display: Loaded TargetPlatform 'LinuxClient'
[2022.08.22-08.04.01:357][  0]LogTargetPlatformManager: Display: Loaded TargetPlatform 'LinuxServer'
[2022.08.22-08.04.01:367][  0]LogTargetPlatformManager: Display: Loaded TargetPlatform 'LinuxAArch64NoEditor'
[2022.08.22-08.04.01:371][  0]LogTargetPlatformManager: Display: Loaded TargetPlatform 'LinuxAArch64Client'
[2022.08.22-08.04.01:376][  0]LogTargetPlatformManager: Display: Loaded TargetPlatform 'LinuxAArch64Server'
[2022.08.22-08.04.01:403][  0]LogTargetPlatformManager: Display: Loaded TargetPlatform 'Lumin'
[2022.08.22-08.04.01:403][  0]LogTargetPlatformManager: Display: Loaded TargetPlatform 'LuminClient'
[2022.08.22-08.04.01:412][  0]LogTargetPlatformManager: Display: Loaded TargetPlatform 'MacNoEditor'
[2022.08.22-08.04.01:417][  0]LogTargetPlatformManager: Display: Loaded TargetPlatform 'Mac'
[2022.08.22-08.04.01:421][  0]LogTargetPlatformManager: Display: Loaded TargetPlatform 'MacClient'
[2022.08.22-08.04.01:425][  0]LogTargetPlatformManager: Display: Loaded TargetPlatform 'MacServer'
[2022.08.22-08.04.01:437][  0]LogTargetPlatformManager: Display: Loaded TargetPlatform 'TVOSClient'
[2022.08.22-08.04.01:437][  0]LogTargetPlatformManager: Display: Loaded TargetPlatform 'TVOS'
[2022.08.22-08.04.01:447][  0]LogTargetPlatformManager: Display: Loaded TargetPlatform 'WindowsNoEditor'
[2022.08.22-08.04.01:452][  0]LogTargetPlatformManager: Display: Loaded TargetPlatform 'Windows'
[2022.08.22-08.04.01:457][  0]LogTargetPlatformManager: Display: Loaded TargetPlatform 'WindowsClient'
[2022.08.22-08.04.01:463][  0]LogTargetPlatformManager: Display: Loaded TargetPlatform 'WindowsServer'
[2022.08.22-08.04.01:463][  0]LogTargetPlatformManager: Display: Building Assets For Windows
[2022.08.22-08.04.01:471][  0]LogAudioDebug: Display: Lib vorbis DLL was dynamically loaded.
[2022.08.22-08.04.01:495][  0]LogTextureFormatOodle: Display: Oodle Texture 2.9.0 init RDO Off
[2022.08.22-08.04.01:522][  0]LogRendererCore: Ray tracing is disabled. Reason: r.RayTracing=0.
[2022.08.22-08.04.01:522][  0]LogShaderCompilers: Guid format shader working directory is -63 characters bigger than the processId version (../../../../../Programming/Github/UE4_Overcharged-59c745a522ae409834360515b16e2f3d8499cf40/ProjectOvercharged/Intermediate/Shaders/WorkingDirectory/7640/).
[2022.08.22-08.04.01:522][  0]LogShaderCompilers: Cleaned the shader compiler working directory 'C:/Users/Admin/AppData/Local/Temp/UnrealShaderWorkingDir/DF8B7F274FA0D861CFC92F8BE4DC8FD7/'.
[2022.08.22-08.04.01:522][  0]LogXGEController: Cannot use XGE Controller as Incredibuild is not installed on this machine.
[2022.08.22-08.04.01:522][  0]LogShaderCompilers: Cannot use XGE Shader Compiler as Incredibuild is not installed on this machine.
[2022.08.22-08.04.01:522][  0]LogShaderCompilers: Display: Using Local Shader Compiler.
[2022.08.22-08.04.02:534][  0]LogDerivedDataCache: Display: Max Cache Size: 512 MB
[2022.08.22-08.04.02:612][  0]LogDerivedDataCache: Loaded boot cache 0.08s 94MB C:/Users/Admin/AppData/Local/UnrealEngine/4.27/DerivedDataCache/Boot.ddc.
[2022.08.22-08.04.02:612][  0]LogDerivedDataCache: Display: Loaded Boot cache: C:/Users/Admin/AppData/Local/UnrealEngine/4.27/DerivedDataCache/Boot.ddc
[2022.08.22-08.04.02:612][  0]LogDerivedDataCache: FDerivedDataBackendGraph:  Pak pak cache file ../../../../../Programming/Github/UE4_Overcharged-59c745a522ae409834360515b16e2f3d8499cf40/ProjectOvercharged/DerivedDataCache/DDC.ddp not found, will not use a pak cache.
[2022.08.22-08.04.02:612][  0]LogDerivedDataCache: Unable to find inner node Pak for hierarchical cache Hierarchy.
[2022.08.22-08.04.02:612][  0]LogDerivedDataCache: FDerivedDataBackendGraph:  CompressedPak pak cache file ../../../../../Programming/Github/UE4_Overcharged-59c745a522ae409834360515b16e2f3d8499cf40/ProjectOvercharged/DerivedDataCache/Compressed.ddp not found, will not use a pak cache.
[2022.08.22-08.04.02:612][  0]LogDerivedDataCache: Unable to find inner node CompressedPak for hierarchical cache Hierarchy.
[2022.08.22-08.04.02:631][  0]LogDerivedDataCache: Display: Pak cache opened for reading ../../../Engine/DerivedDataCache/Compressed.ddp.
[2022.08.22-08.04.02:631][  0]LogDerivedDataCache: FDerivedDataBackendGraph:  EnterprisePak pak cache file ../../../Enterprise/DerivedDataCache/Compressed.ddp not found, will not use a pak cache.
[2022.08.22-08.04.02:631][  0]LogDerivedDataCache: Unable to find inner node EnterprisePak for hierarchical cache Hierarchy.
[2022.08.22-08.04.02:638][  0]LogDerivedDataCache: Speed tests for C:/Users/Admin/AppData/Local/UnrealEngine/Common/DerivedDataCache took 0.01 seconds
[2022.08.22-08.04.02:638][  0]LogDerivedDataCache: Display: Performance to C:/Users/Admin/AppData/Local/UnrealEngine/Common/DerivedDataCache: Latency=0.04ms. RandomReadSpeed=1160.47MBs, RandomWriteSpeed=195.28MBs. Assigned SpeedClass 'Local'
[2022.08.22-08.04.02:638][  0]LogDerivedDataCache: Using Local data cache path C:/Users/Admin/AppData/Local/UnrealEngine/Common/DerivedDataCache: Writable
[2022.08.22-08.04.02:638][  0]LogDerivedDataCache: Shared data cache path not found in *engine.ini, will not use an Shared cache.
[2022.08.22-08.04.02:638][  0]LogDerivedDataCache: Unable to find inner node Shared for hierarchical cache Hierarchy.
[2022.08.22-08.04.02:704][  0]LogSlate: Using FreeType 2.10.0
[2022.08.22-08.04.02:705][  0]LogSlate: SlateFontServices - WITH_FREETYPE: 1, WITH_HARFBUZZ: 1
[2022.08.22-08.04.02:739][  0]LogAssetRegistry: FAssetRegistry took 0.0030 seconds to start up
[2022.08.22-08.04.03:070][  0]LogInit: Selected Device Profile: [Windows]
[2022.08.22-08.04.03:070][  0]LogInit: Active device profile: [000000002E5F5300][000000002D85B680 49] Windows
[2022.08.22-08.04.03:070][  0]LogInit: Profiles: [000000002E5F5300][000000002D85B680 49] Windows, [000000002E5AEE00][000000002D85F940 49] WindowsNoEditor, [000000002E5F6500][000000002D863C00 49] WindowsServer, [000000002E5AFD00][000000002D866340 49] WindowsClient, [000000002E5F7300][000000002D86A600 49] IOS, [000000002E5AD100][000000002D86E8C0 49] iPadAir, [000000002E5F7B00][000000002D872B80 49] iPadAir2, [000000002E555E00][000000002D8870C0 49] IPadPro, [000000002E555F00][000000002D877100 49] iPadAir3, [000000002E5AD800][000000002D857380 49] iPadAir4, [000000002E556E00][000000002D87F600 49] iPadMini2, [000000002E5AF300][000000002D8838C0 49] iPadMini3, [000000002E557900][000000002D88BB80 49] iPadMini4, [000000002E5AD200][000000002D88E2C0 49] iPadMini5, [000000002E59D400][000000002D8A2800 49] iPhone6, [000000002E59D500][000000002D892840 49] iPodTouch6, [000000002E5F6A00][000000002D8AAD80 49] iPhone7, [000000002E5F6C00][000000002D89ADC0 49] iPodTouch7, [000000002E557D00][000000002D89F080 49] iPhone5S, [000000002E5F5400][000000002D897340 49] iPhone6Plus, [000000002E555600][000000002D87B5C0 49] iPhone6S, [000000002E5F6000][000000002D8A7840 49] iPhone6SPlus, [000000002E555400][000000002D8B3B00 49] iPhone7Plus, [000000002E5F6400][000000002D8B6240 49] iPhoneSE, [000000002E555200][000000002D8BA500 49] iPhone8, [000000002E5F4500][000000002D8BE7C0 49] iPhone8Plus, [000000002E5F7F00][000000002D8C2A80 49] iPhoneX, [000000002E59C700][000000002D8C6D40 49] iPhoneXS, [000000002E5F7000][000000002D8CB000 49] iPhoneXSMax, [000000002E59CC00][000000002D8CF2C0 49] iPhoneXR, [000000002E5F4F00][000000002D8D3580 49] iPhone11, [000000002E59CF00][000000002D8AF800 49] iPhone11Pro, [000000002E59C400][000000002D8D7A80 49] iPhone11ProMax, [000000002E555A00][000000002D8DE1C0 49] iPhoneSE2, [000000002E59DD00][000000002D8E2480 49] iPhone12Mini, [000000002E557700][000000002D8E6740 49] iPhone12, [000000002E59DE00][000000002D8EAA00 49] iPhone12Pro, [000000002E557500][000000002D8EECC0 49] iPhone12ProMax, [000000002E59E200][000000002D8F2F80 49] iPadPro105, [000000002E557000][000000002D8F7240 49] iPadPro129, [000000002E5F7C00][000000002D8FB500 49] iPadPro97, [000000002E554D00][000000002D8FF7C0 49] iPadPro2_129, [000000002E5F7800][000000002D8DBA40 49] iPad5, [000000002E554400][000000002D902140 49] iPad6, [000000002E5F7700][000000002D90A400 49] iPad7, [000000002E556300][000000002D90E6C0 49] iPad8, [000000002E5F6B00][000000002D912980 49] iPadPro11, [000000002E555300][000000002D916C40 49] iPadPro2_11, [000000002E5F6100][000000002D91AF00 49] iPadPro3_129, [000000002E557C00][000000002D91F1C0 49] iPadPro4_129, [000000002E5F4400][000000002D923480 49] AppleTV, [000000002E555900][000000002D927740 49] AppleTV4K, [000000002E5F6E00][000000002D92BA00 49] TVOS, [000000002E557A00][000000002D906100 49] Mac, [000000002E5F4200][000000002D92E380 49] MacClient, [000000002E554300][000000002D936640 49] MacNoEditor, [000000002E5F4600][000000002D93A900 49] MacServer, [000000002E554B00][000000002D93EBC0 49] Linux, [000000002E5F4900][000000002D942E80 49] LinuxAArch64, [000000002E554100][000000002D947140 49] LinuxNoEditor, [000000002E5F4C00][000000002D94B400 49] LinuxAArch64NoEditor, [000000002E557100][000000002E9616C0 49] LinuxClient, [000000002E5F5E00][000000002E965980 49] LinuxAArch64Client, [000000002E556700][000000002E9680C0 49] LinuxServer, [000000002E5F6700][000000002D932340 49] LinuxAArch64Server, [000000002E554900][000000002E96C5C0 49] Android, [000000002E5F5500][000000002E974880 49] Android_Low, [000000002E557B00][000000002E978B40 49] Android_Mid, [000000002E5F7E00][000000002E97CE00 49] Android_High, [000000002E557800][000000002EA990C0 49] Android_Default, [000000002E5F6800][000000002EA9D380 49] Android_Adreno4xx, [000000002E555000][000000002EAA1640 49] Android_Adreno5xx_Low, [000000002E5F5F00][000000002EAA5900 49] Android_Adreno5xx, [000000002E554C00][000000002EAA9BC0 49] Android_Adreno6xx, [000000002E5F6F00][000000002EAAC300 49] Android_Adreno6xx_Vulkan, [000000002E557F00][000000002E970580 49] Android_Mali_T6xx, [000000002E5F4700][000000002EAB0800 49] Android_Mali_T7xx, [000000002E555500][000000002EAB8AC0 49] Android_Mali_T8xx, [000000002E5F4B00][000000002EABCD80 49] Android_Mali_G71, [000000002E554500][000000002EAC1040 49] Android_Mali_G72, [000000002E5F5800][000000002EAC9300 49] Android_Mali_G72_Vulkan, [000000002E556B00][000000002EACD5C0 49] Android_Mali_G76, [000000002E5F6D00][000000002EAD1880 49] Android_Mali_G76_Vulkan, [000000002E556600][000000002EADDB40 49] Android_Mali_G77, [000000002E5F6600][000000002EAE8280 49] Android_Mali_G77_Vulkan, [000000002E59F500][000000002EAF0540 49] Android_Mali_G78, [000000002E5ACA00][000000002EAB47C0 49] Android_Mali_G78_Vulkan, [000000002E59F400][000000002EAFCA40 49] Android_Mali_G710, [000000002E5AE000][000000002EB04D00 49] Android_Mali_G710_Vulkan, [000000002E59F900][000000002EB20FC0 49] Android_Vulkan_SM5, [000000002E5AE500][000000002EB51280 49] Android_PowerVR_G6xxx, [000000002E59E500][000000002EB65540 49] Android_PowerVR_GT7xxx, [000000002E5AF600][000000002EB69800 49] Android_PowerVR_GE8xxx, [000000002E59E900][000000002EB6DAC0 49] Android_PowerVR_GM9xxx, [000000002E5AE100][000000002EB70200 49] Android_PowerVR_GM9xxx_Vulkan, [000000002E59DA00][000000002EB744C0 49] Android_TegraK1, [000000002E5AF000][000000002EB78780 49] Android_Unknown_Vulkan, [000000002E59C100][000000002EB00A00 49] Lumin, [000000002E5ACB00][000000002EB84CC0 49] Lumin_Desktop, [000000002E59F300][000000002EB88F80 49] HoloLens, 
[2022.08.22-08.04.03:226][  0]LogMeshReduction: Using QuadricMeshReduction for automatic static mesh reduction
[2022.08.22-08.04.03:226][  0]LogMeshReduction: Using SimplygonMeshReduction for automatic skeletal mesh reduction
[2022.08.22-08.04.03:226][  0]LogMeshReduction: Using ProxyLODMeshReduction for automatic mesh merging
[2022.08.22-08.04.03:226][  0]LogMeshReduction: No distributed automatic mesh merging module available
[2022.08.22-08.04.03:226][  0]LogMeshMerging: No distributed automatic mesh merging module available
[2022.08.22-08.04.03:243][  0]LogNetVersion: ProjectOvervharged 1.0.0, NetCL: 17155196, EngineNetVer: 17, GameNetVer: 0 (Checksum: 393150715)
[2022.08.22-08.04.03:815][  0]LogTexture: Default maximum texture size for cubemaps generated from long-lat sources has been changed from 512 to unlimited. In order to preserve old behaiour for '/Engine/MapTemplates/Sky/DaylightAmbientCubemap.DaylightAmbientCubemap', its maximum texture size has been explicitly set to 512.
[2022.08.22-08.04.03:890][  0]LogHMD: PokeAHoleMaterial loaded successfully
[2022.08.22-08.04.03:897][  0]LogUObjectArray: 17178 objects as part of root set at end of initial load.
[2022.08.22-08.04.03:897][  0]LogUObjectAllocator: 4302048 out of 0 bytes used by permanent object pool.
[2022.08.22-08.04.03:897][  0]LogUObjectArray: CloseDisregardForGC: 0/0 objects in disregard for GC pool
[2022.08.22-08.04.04:172][  0]LogPython: Using Python 3.7.7
[2022.08.22-08.04.04:868][  0]LogNiagaraDebuggerClient: Niagara Debugger Client Initialized | Session: 720DE80C41908FF19759D99F1CBB908B | Instance: C03B36FF4F8D4F59148C259F0534B769 (ADMIN-ПК-7640).
[2022.08.22-08.04.05:041][  0]LogTcpMessaging: Initializing TcpMessaging bridge
[2022.08.22-08.04.05:045][  0]LogUdpMessaging: Initializing bridge on interface 26.202.233.37:0 to multicast group 230.0.0.1:6666.
[2022.08.22-08.04.05:281][  0]SourceControl: Source control is disabled
[2022.08.22-08.04.05:281][  0]SourceControl: Source control is disabled
[2022.08.22-08.04.05:286][  0]SourceControl: Source control is disabled
[2022.08.22-08.04.05:288][  0]SourceControl: Source control is disabled
[2022.08.22-08.04.05:293][  0]SourceControl: Source control is disabled
[2022.08.22-08.04.05:302][  0]LogUProjectInfo: Found projects:
[2022.08.22-08.04.05:500][  0]LogOpenImageDenoise: OIDN starting up
[2022.08.22-08.04.05:557][  0]LogAndroidPermission: UAndroidPermissionCallbackProxy::GetInstance
[2022.08.22-08.04.05:580][  0]LogAudioCaptureCore: Display: No Audio Capture implementations found. Audio input will be silent.
[2022.08.22-08.04.05:580][  0]LogAudioCaptureCore: Display: No Audio Capture implementations found. Audio input will be silent.
[2022.08.22-08.04.05:878][  0]LogCollectionManager: Loaded 0 collections in 0.001543 seconds
[2022.08.22-08.04.05:885][  0]LogFileCache: Scanning file cache for directory 'D:/Programming/Github/UE4_Overcharged-59c745a522ae409834360515b16e2f3d8499cf40/ProjectOvercharged/Saved/Collections/' took 0.00s
[2022.08.22-08.04.05:885][  0]LogFileCache: Scanning file cache for directory 'D:/Programming/Github/UE4_Overcharged-59c745a522ae409834360515b16e2f3d8499cf40/ProjectOvercharged/Content/Developers/Admin/Collections/' took 0.00s
[2022.08.22-08.04.05:885][  0]LogFileCache: Scanning file cache for directory 'D:/Programming/Github/UE4_Overcharged-59c745a522ae409834360515b16e2f3d8499cf40/ProjectOvercharged/Content/Collections/' took 0.00s
[2022.08.22-08.04.05:916][  0]LogOcInput: OculusInput pre-init called
[2022.08.22-08.04.06:357][  0]LogClass: Display: EnumProperty FMultiUserClientConfig::ValidationMode is not initialized properly. Module:MultiUserClientLibrary File:Public/MultiUserClientStatics.h
[2022.08.22-08.04.06:358][  0]LogClass: Display: StructProperty FMultiUserClientInfo::AvatarColor is not initialized properly. Module:MultiUserClientLibrary File:Public/MultiUserClientStatics.h
[2022.08.22-08.04.06:358][  0]LogClass: Display: 2 Uninitialized script struct members found including 0 object properties
[2022.08.22-08.04.06:359][  0]LogEngine: Initializing Engine...
[2022.08.22-08.04.06:363][  0]LogHMD: Failed to enumerate extensions. Please check that you have a valid OpenXR runtime installed.
[2022.08.22-08.04.06:363][  0]LogHMD: Failed to initialize OpenVR with code 110
[2022.08.22-08.04.06:363][  0]LogMagicLeap: Warning: VR disabled because ZI is not enabled.  To enable, in the editor, Edit -> Project Settings -> Plugins -> Magic Leap Plugin -> Enable Zero Iteration
[2022.08.22-08.04.06:365][  0]LogStats: UGameplayTagsManager::InitializeManager -  0.000 s
[2022.08.22-08.04.06:553][  0]LogInit: Initializing FReadOnlyCVARCache
[2022.08.22-08.04.06:565][  0]LogAIModule: Creating AISystem for world Untitled
[2022.08.22-08.04.06:587][  0]LogAudio: Display: Initializing Audio Device Manager...
[2022.08.22-08.04.06:591][  0]LogAudio: Display: Loading Default Audio Settings Objects...
[2022.08.22-08.04.06:591][  0]LogAudio: Display: No default SoundConcurrencyObject specified (or failed to load).
[2022.08.22-08.04.06:592][  0]LogAudio: Display: Audio Device Manager Initialized
[2022.08.22-08.04.06:592][  0]LogAudio: Display: Creating Audio Device:                 Id: 1, Scope: Shared, Realtime: True
[2022.08.22-08.04.06:592][  0]LogAudioMixer: Display: Audio Mixer Platform Settings:
[2022.08.22-08.04.06:592][  0]LogAudioMixer: Display: 	Sample Rate:						  48000
[2022.08.22-08.04.06:592][  0]LogAudioMixer: Display: 	Callback Buffer Frame Size Requested: 1024
[2022.08.22-08.04.06:592][  0]LogAudioMixer: Display: 	Callback Buffer Frame Size To Use:	  1024
[2022.08.22-08.04.06:592][  0]LogAudioMixer: Display: 	Number of buffers to queue:			  2
[2022.08.22-08.04.06:592][  0]LogAudioMixer: Display: 	Max Channels (voices):				  32
[2022.08.22-08.04.06:592][  0]LogAudioMixer: Display: 	Number of Async Source Workers:		  0
[2022.08.22-08.04.06:592][  0]LogAudio: Display: AudioDevice MaxSources: 32
[2022.08.22-08.04.06:592][  0]LogAudio: Display: Audio Spatialization Plugin: None (built-in).
[2022.08.22-08.04.06:592][  0]LogAudio: Display: Audio Reverb Plugin: None (built-in).
[2022.08.22-08.04.06:592][  0]LogAudio: Display: Audio Occlusion Plugin: None (built-in).
[2022.08.22-08.04.06:592][  0]LogAudioMixer: Display: Initializing audio mixer.
[2022.08.22-08.04.06:605][  0]LogAudioMixer: Display: 0: FrontLeft
[2022.08.22-08.04.06:605][  0]LogAudioMixer: Display: 1: FrontRight
[2022.08.22-08.04.06:614][  0]LogAudioMixer: Display: Using Audio Device Realtek Digital Output (Realtek High Definition Audio)
[2022.08.22-08.04.06:617][  0]LogAudioMixer: Display: Initializing Sound Submixes...
[2022.08.22-08.04.06:620][  0]LogAudioMixer: Display: Creating Master Submix 'MasterSubmixDefault'
[2022.08.22-08.04.06:621][  0]LogAudioMixer: Display: Creating Master Submix 'MasterReverbSubmixDefault'
[2022.08.22-08.04.06:622][  0]LogAudioMixer: Display: Creating Master Submix 'MasterEQSubmixDefault'
[2022.08.22-08.04.06:622][  0]LogAudioMixer: FMixerPlatformXAudio2::StartAudioStream() called
[2022.08.22-08.04.06:622][  0]LogAudioMixer: Display: Output buffers initialized: Frames=1024, Channels=2, Samples=2048
[2022.08.22-08.04.06:623][  0]LogAudioMixer: Display: Starting AudioMixerPlatformInterface::RunInternal()
[2022.08.22-08.04.06:623][  0]LogAudioMixer: Display: FMixerPlatformXAudio2::SubmitBuffer() called for the first time
[2022.08.22-08.04.06:623][  0]LogInit: FAudioDevice initialized.
[2022.08.22-08.04.06:623][  0]LogAudio: Display: Audio Device (ID: 1) registered with world 'Untitled'.
[2022.08.22-08.04.06:623][  0]LogNetVersion: Set ProjectVersion to 1.0.0.0. Version Checksum will be recalculated on next use.
[2022.08.22-08.04.07:522][  0]LogDerivedDataCache: Saved boot cache 0.90s 94MB C:/Users/Admin/AppData/Local/UnrealEngine/4.27/DerivedDataCache/Boot.ddc.
[2022.08.22-08.04.07:523][  0]LogInit: Texture streaming: Enabled
[2022.08.22-08.04.07:544][  0]LogAnalytics: Display: [UEEditor.Rocket.Release] APIServer = https://datarouter.ol.epicgames.com/. AppVersion = 4.27.2-18319896+++UE4+Release-4.27
[2022.08.22-08.04.07:550][  0]LogEngineSessionManager: EngineSessionManager initialized
[2022.08.22-08.04.07:550][  0]LogEditorSessionSummary: Verbose: Initializing EditorSessionSummaryWriter for editor session tracking
[2022.08.22-08.04.07:555][  0]LogEditorSessionSummary: EditorSessionSummaryWriter initialized
[2022.08.22-08.04.07:604][  0]LogInit: Transaction tracking system initialized
[2022.08.22-08.04.07:625][  0]BlueprintLog: New page: Editor Load
[2022.08.22-08.04.07:678][  0]LocalizationService: Localization service is disabled
[2022.08.22-08.04.07:699][  0]TimingProfiler: Initialize
[2022.08.22-08.04.07:700][  0]TimingProfiler: OnSessionChanged
[2022.08.22-08.04.07:700][  0]LoadingProfiler: Initialize
[2022.08.22-08.04.07:700][  0]LoadingProfiler: OnSessionChanged
[2022.08.22-08.04.07:700][  0]NetworkingProfiler: Initialize
[2022.08.22-08.04.07:700][  0]NetworkingProfiler: OnSessionChanged
[2022.08.22-08.04.07:700][  0]MemoryProfiler: Initialize
[2022.08.22-08.04.07:700][  0]MemoryProfiler: OnSessionChanged
[2022.08.22-08.04.07:860][  0]LogCook: Display: CookSettings for Memory: MemoryMaxUsedVirtual 0MiB, MemoryMaxUsedPhysical 16384MiB, MemoryMinFreeVirtual 0MiB, MemoryMinFreePhysical 1024MiB
[2022.08.22-08.04.07:860][  0]LogCook: Display: Mobile HDR setting 1
[2022.08.22-08.04.08:114][  0]LogFileCache: Scanning file cache for directory 'D:/Programming/Github/UE4_Overcharged-59c745a522ae409834360515b16e2f3d8499cf40/ProjectOvercharged/Content/' took 0.01s
[2022.08.22-08.04.08:413][  0]LogInit: Display: Engine is initialized. Leaving FEngineLoop::Init()
[2022.08.22-08.04.08:416][  0]SourceControl: Source control is disabled
[2022.08.22-08.04.08:416][  0]LogUnrealEdMisc: Loading editor; pre map load, took 9.934
[2022.08.22-08.04.08:538][  0]LightingResults: New page: Lighting Build
[2022.08.22-08.04.08:541][  0]LogWorld: UWorld::CleanupWorld for Untitled, bSessionEnded=true, bCleanupResources=true
[2022.08.22-08.04.08:542][  0]LogSlate: InvalidateAllWidgets triggered.  All widgets were invalidated
[2022.08.22-08.04.08:542][  0]MapCheck: New page: Map Check
[2022.08.22-08.04.08:542][  0]LightingResults: New page: Lighting Build
[2022.08.22-08.04.08:560][  0]LogAudio: Display: Audio Device unregistered from world 'None'.
[2022.08.22-08.04.08:564][  0]LogUObjectHash: Compacting FUObjectHashTables data took   1.14ms
[2022.08.22-08.04.11:789][  0]LogTexture: Display: Building textures: DeprecatedTexture4E9A31EC459F824B7293D9A5960F381F (BGRA8, 128X128)
[2022.08.22-08.04.13:609][  0]LogAudio: Display: Audio Device (ID: 1) registered with world 'FirstPersonExampleMap'.
[2022.08.22-08.04.13:611][  0]LogAIModule: Creating AISystem for world FirstPersonExampleMap
[2022.08.22-08.04.13:629][  0]LogEditorServer: Finished looking for orphan Actors (0.000 secs)
[2022.08.22-08.04.13:649][  0]LogUObjectHash: Compacting FUObjectHashTables data took   1.25ms
[2022.08.22-08.04.13:649][  0]Cmd: MAP CHECKDEP NOCLEARLOG
[2022.08.22-08.04.13:650][  0]MapCheck: Map check complete: 0 Error(s), 0 Warning(s), took 0,132ms to complete.
[2022.08.22-08.04.13:650][  0]LogFileHelpers: Loading map 'FirstPersonExampleMap' took 5.233
[2022.08.22-08.04.13:652][  0]LogUnrealEdMisc: Total Editor Startup Time, took 15.169
[2022.08.22-08.04.13:850][  0]LogSlate: Updating window title bar state: overlay mode, drag disabled, window buttons hidden, title bar hidden
[2022.08.22-08.04.13:866][  0]LogSlate: Updating window title bar state: overlay mode, drag disabled, window buttons hidden, title bar hidden
[2022.08.22-08.04.13:878][  0]LogSlate: Updating window title bar state: overlay mode, drag disabled, window buttons hidden, title bar hidden
[2022.08.22-08.04.13:888][  0]LogSlate: Updating window title bar state: overlay mode, drag disabled, window buttons hidden, title bar hidden
[2022.08.22-08.04.13:908][  0]LogNativeClassHierarchy: Verbose: Native class hierarchy populated in 0.0134 seconds. Added 3834 classes and 949 folders.
[2022.08.22-08.04.13:911][  0]LogNativeClassHierarchy: Verbose: Native class hierarchy updated for 'WidgetCarousel' in 0.0003 seconds. Added 0 classes and 0 folders.
[2022.08.22-08.04.13:982][  0]LogPakFile: PakFile PrimaryIndexSize=187
[2022.08.22-08.04.13:982][  0]LogPakFile: PakFile PathHashIndexSize=101
[2022.08.22-08.04.13:982][  0]LogPakFile: PakFile FullDirectoryIndexSize=148
[2022.08.22-08.04.13:982][  0]LogShaderLibrary: Display: ShaderCodeLibraryPakFileMountedCallback: PakFile 'D:/INTERNET/UE_4.27/FeaturePacks/FP_FirstPerson.upack' (chunk index -1, root 'root:/') mounted
[2022.08.22-08.04.13:982][  0]LogShaderLibrary: Display: ShaderCodeLibraryPakFileMountedCallback: pending pak file info (ChunkID:-1 Root:root:/ File:D:/INTERNET/UE_4.27/FeaturePacks/FP_FirstPerson.upack)
[2022.08.22-08.04.13:982][  0]LogPakFile: OnPakFileMounted2Time == 0.000116
[2022.08.22-08.04.14:007][  0]LogPakFile: PakFile PrimaryIndexSize=189
[2022.08.22-08.04.14:007][  0]LogPakFile: PakFile PathHashIndexSize=101
[2022.08.22-08.04.14:007][  0]LogPakFile: PakFile FullDirectoryIndexSize=152
[2022.08.22-08.04.14:007][  0]LogShaderLibrary: Display: ShaderCodeLibraryPakFileMountedCallback: PakFile 'D:/INTERNET/UE_4.27/FeaturePacks/FP_FirstPersonBP.upack' (chunk index -1, root 'root:/') mounted
[2022.08.22-08.04.14:008][  0]LogShaderLibrary: Display: ShaderCodeLibraryPakFileMountedCallback: pending pak file info (ChunkID:-1 Root:root:/ File:D:/INTERNET/UE_4.27/FeaturePacks/FP_FirstPersonBP.upack)
[2022.08.22-08.04.14:008][  0]LogPakFile: OnPakFileMounted2Time == 0.000099
[2022.08.22-08.04.14:025][  0]LogPakFile: PakFile PrimaryIndexSize=191
[2022.08.22-08.04.14:025][  0]LogPakFile: PakFile PathHashIndexSize=101
[2022.08.22-08.04.14:025][  0]LogPakFile: PakFile FullDirectoryIndexSize=160
[2022.08.22-08.04.14:026][  0]LogShaderLibrary: Display: ShaderCodeLibraryPakFileMountedCallback: PakFile 'D:/INTERNET/UE_4.27/FeaturePacks/MobileStarterContent.upack' (chunk index -1, root 'root:/') mounted
[2022.08.22-08.04.14:026][  0]LogShaderLibrary: Display: ShaderCodeLibraryPakFileMountedCallback: pending pak file info (ChunkID:-1 Root:root:/ File:D:/INTERNET/UE_4.27/FeaturePacks/MobileStarterContent.upack)
[2022.08.22-08.04.14:026][  0]LogPakFile: OnPakFileMounted2Time == 0.000090
[2022.08.22-08.04.14:041][  0]LogPakFile: PakFile PrimaryIndexSize=185
[2022.08.22-08.04.14:041][  0]LogPakFile: PakFile PathHashIndexSize=101
[2022.08.22-08.04.14:041][  0]LogPakFile: PakFile FullDirectoryIndexSize=148
[2022.08.22-08.04.14:041][  0]LogShaderLibrary: Display: ShaderCodeLibraryPakFileMountedCallback: PakFile 'D:/INTERNET/UE_4.27/FeaturePacks/StarterContent.upack' (chunk index -1, root 'root:/') mounted
[2022.08.22-08.04.14:041][  0]LogShaderLibrary: Display: ShaderCodeLibraryPakFileMountedCallback: pending pak file info (ChunkID:-1 Root:root:/ File:D:/INTERNET/UE_4.27/FeaturePacks/StarterContent.upack)
[2022.08.22-08.04.14:041][  0]LogPakFile: OnPakFileMounted2Time == 0.000094
[2022.08.22-08.04.14:043][  0]LogPakFile: PakFile PrimaryIndexSize=190
[2022.08.22-08.04.14:043][  0]LogPakFile: PakFile PathHashIndexSize=101
[2022.08.22-08.04.14:043][  0]LogPakFile: PakFile FullDirectoryIndexSize=154
[2022.08.22-08.04.14:043][  0]LogShaderLibrary: Display: ShaderCodeLibraryPakFileMountedCallback: PakFile 'D:/INTERNET/UE_4.27/FeaturePacks/TP_2DSideScroller.upack' (chunk index -1, root 'root:/') mounted
[2022.08.22-08.04.14:043][  0]LogShaderLibrary: Display: ShaderCodeLibraryPakFileMountedCallback: pending pak file info (ChunkID:-1 Root:root:/ File:D:/INTERNET/UE_4.27/FeaturePacks/TP_2DSideScroller.upack)
[2022.08.22-08.04.14:043][  0]LogPakFile: OnPakFileMounted2Time == 0.000086
[2022.08.22-08.04.14:052][  0]LogPakFile: PakFile PrimaryIndexSize=192
[2022.08.22-08.04.14:052][  0]LogPakFile: PakFile PathHashIndexSize=101
[2022.08.22-08.04.14:052][  0]LogPakFile: PakFile FullDirectoryIndexSize=158
[2022.08.22-08.04.14:052][  0]LogShaderLibrary: Display: ShaderCodeLibraryPakFileMountedCallback: PakFile 'D:/INTERNET/UE_4.27/FeaturePacks/TP_2DSideScrollerBP.upack' (chunk index -1, root 'root:/') mounted
[2022.08.22-08.04.14:052][  0]LogShaderLibrary: Display: ShaderCodeLibraryPakFileMountedCallback: pending pak file info (ChunkID:-1 Root:root:/ File:D:/INTERNET/UE_4.27/FeaturePacks/TP_2DSideScrollerBP.upack)
[2022.08.22-08.04.14:052][  0]LogPakFile: OnPakFileMounted2Time == 0.000090
[2022.08.22-08.04.14:055][  0]LogPakFile: PakFile PrimaryIndexSize=182
[2022.08.22-08.04.14:055][  0]LogPakFile: PakFile PathHashIndexSize=101
[2022.08.22-08.04.14:055][  0]LogPakFile: PakFile FullDirectoryIndexSize=138
[2022.08.22-08.04.14:055][  0]LogShaderLibrary: Display: ShaderCodeLibraryPakFileMountedCallback: PakFile 'D:/INTERNET/UE_4.27/FeaturePacks/TP_Flying.upack' (chunk index -1, root 'root:/') mounted
[2022.08.22-08.04.14:055][  0]LogShaderLibrary: Display: ShaderCodeLibraryPakFileMountedCallback: pending pak file info (ChunkID:-1 Root:root:/ File:D:/INTERNET/UE_4.27/FeaturePacks/TP_Flying.upack)
[2022.08.22-08.04.14:055][  0]LogPakFile: OnPakFileMounted2Time == 0.000085
[2022.08.22-08.04.14:069][  0]LogPakFile: PakFile PrimaryIndexSize=184
[2022.08.22-08.04.14:069][  0]LogPakFile: PakFile PathHashIndexSize=101
[2022.08.22-08.04.14:069][  0]LogPakFile: PakFile FullDirectoryIndexSize=142
[2022.08.22-08.04.14:069][  0]LogShaderLibrary: Display: ShaderCodeLibraryPakFileMountedCallback: PakFile 'D:/INTERNET/UE_4.27/FeaturePacks/TP_FlyingBP.upack' (chunk index -1, root 'root:/') mounted
[2022.08.22-08.04.14:069][  0]LogShaderLibrary: Display: ShaderCodeLibraryPakFileMountedCallback: pending pak file info (ChunkID:-1 Root:root:/ File:D:/INTERNET/UE_4.27/FeaturePacks/TP_FlyingBP.upack)
[2022.08.22-08.04.14:069][  0]LogPakFile: OnPakFileMounted2Time == 0.000089
[2022.08.22-08.04.14:095][  0]LogPakFile: PakFile PrimaryIndexSize=188
[2022.08.22-08.04.14:095][  0]LogPakFile: PakFile PathHashIndexSize=101
[2022.08.22-08.04.14:095][  0]LogPakFile: PakFile FullDirectoryIndexSize=150
[2022.08.22-08.04.14:095][  0]LogShaderLibrary: Display: ShaderCodeLibraryPakFileMountedCallback: PakFile 'D:/INTERNET/UE_4.27/FeaturePacks/TP_HandheldARBP.upack' (chunk index -1, root 'root:/') mounted
[2022.08.22-08.04.14:095][  0]LogShaderLibrary: Display: ShaderCodeLibraryPakFileMountedCallback: pending pak file info (ChunkID:-1 Root:root:/ File:D:/INTERNET/UE_4.27/FeaturePacks/TP_HandheldARBP.upack)
[2022.08.22-08.04.14:095][  0]LogPakFile: OnPakFileMounted2Time == 0.000088
[2022.08.22-08.04.14:103][  0]LogPakFile: PakFile PrimaryIndexSize=182
[2022.08.22-08.04.14:103][  0]LogPakFile: PakFile PathHashIndexSize=101
[2022.08.22-08.04.14:103][  0]LogPakFile: PakFile FullDirectoryIndexSize=138
[2022.08.22-08.04.14:103][  0]LogShaderLibrary: Display: ShaderCodeLibraryPakFileMountedCallback: PakFile 'D:/INTERNET/UE_4.27/FeaturePacks/TP_Puzzle.upack' (chunk index -1, root 'root:/') mounted
[2022.08.22-08.04.14:103][  0]LogShaderLibrary: Display: ShaderCodeLibraryPakFileMountedCallback: pending pak file info (ChunkID:-1 Root:root:/ File:D:/INTERNET/UE_4.27/FeaturePacks/TP_Puzzle.upack)
[2022.08.22-08.04.14:103][  0]LogPakFile: OnPakFileMounted2Time == 0.000091
[2022.08.22-08.04.14:119][  0]LogPakFile: PakFile PrimaryIndexSize=184
[2022.08.22-08.04.14:119][  0]LogPakFile: PakFile PathHashIndexSize=101
[2022.08.22-08.04.14:119][  0]LogPakFile: PakFile FullDirectoryIndexSize=142
[2022.08.22-08.04.14:119][  0]LogShaderLibrary: Display: ShaderCodeLibraryPakFileMountedCallback: PakFile 'D:/INTERNET/UE_4.27/FeaturePacks/TP_PuzzleBP.upack' (chunk index -1, root 'root:/') mounted
[2022.08.22-08.04.14:119][  0]LogShaderLibrary: Display: ShaderCodeLibraryPakFileMountedCallback: pending pak file info (ChunkID:-1 Root:root:/ File:D:/INTERNET/UE_4.27/FeaturePacks/TP_PuzzleBP.upack)
[2022.08.22-08.04.14:119][  0]LogPakFile: OnPakFileMounted2Time == 0.000091
[2022.08.22-08.04.14:122][  0]LogPakFile: PakFile PrimaryIndexSize=183
[2022.08.22-08.04.14:122][  0]LogPakFile: PakFile PathHashIndexSize=101
[2022.08.22-08.04.14:122][  0]LogPakFile: PakFile FullDirectoryIndexSize=140
[2022.08.22-08.04.14:122][  0]LogShaderLibrary: Display: ShaderCodeLibraryPakFileMountedCallback: PakFile 'D:/INTERNET/UE_4.27/FeaturePacks/TP_Rolling.upack' (chunk index -1, root 'root:/') mounted
[2022.08.22-08.04.14:122][  0]LogShaderLibrary: Display: ShaderCodeLibraryPakFileMountedCallback: pending pak file info (ChunkID:-1 Root:root:/ File:D:/INTERNET/UE_4.27/FeaturePacks/TP_Rolling.upack)
[2022.08.22-08.04.14:122][  0]LogPakFile: OnPakFileMounted2Time == 0.000086
[2022.08.22-08.04.14:136][  0]LogPakFile: PakFile PrimaryIndexSize=185
[2022.08.22-08.04.14:136][  0]LogPakFile: PakFile PathHashIndexSize=101
[2022.08.22-08.04.14:136][  0]LogPakFile: PakFile FullDirectoryIndexSize=144
[2022.08.22-08.04.14:136][  0]LogShaderLibrary: Display: ShaderCodeLibraryPakFileMountedCallback: PakFile 'D:/INTERNET/UE_4.27/FeaturePacks/TP_RollingBP.upack' (chunk index -1, root 'root:/') mounted
[2022.08.22-08.04.14:136][  0]LogShaderLibrary: Display: ShaderCodeLibraryPakFileMountedCallback: pending pak file info (ChunkID:-1 Root:root:/ File:D:/INTERNET/UE_4.27/FeaturePacks/TP_RollingBP.upack)
[2022.08.22-08.04.14:136][  0]LogPakFile: OnPakFileMounted2Time == 0.000092
[2022.08.22-08.04.14:139][  0]LogPakFile: PakFile PrimaryIndexSize=188
[2022.08.22-08.04.14:139][  0]LogPakFile: PakFile PathHashIndexSize=101
[2022.08.22-08.04.14:139][  0]LogPakFile: PakFile FullDirectoryIndexSize=150
[2022.08.22-08.04.14:139][  0]LogShaderLibrary: Display: ShaderCodeLibraryPakFileMountedCallback: PakFile 'D:/INTERNET/UE_4.27/FeaturePacks/TP_SideScroller.upack' (chunk index -1, root 'root:/') mounted
[2022.08.22-08.04.14:139][  0]LogShaderLibrary: Display: ShaderCodeLibraryPakFileMountedCallback: pending pak file info (ChunkID:-1 Root:root:/ File:D:/INTERNET/UE_4.27/FeaturePacks/TP_SideScroller.upack)
[2022.08.22-08.04.14:139][  0]LogPakFile: OnPakFileMounted2Time == 0.000090
[2022.08.22-08.04.14:206][  0]LogPakFile: PakFile PrimaryIndexSize=190
[2022.08.22-08.04.14:206][  0]LogPakFile: PakFile PathHashIndexSize=101
[2022.08.22-08.04.14:207][  0]LogPakFile: PakFile FullDirectoryIndexSize=154
[2022.08.22-08.04.14:207][  0]LogShaderLibrary: Display: ShaderCodeLibraryPakFileMountedCallback: PakFile 'D:/INTERNET/UE_4.27/FeaturePacks/TP_SideScrollerBP.upack' (chunk index -1, root 'root:/') mounted
[2022.08.22-08.04.14:207][  0]LogShaderLibrary: Display: ShaderCodeLibraryPakFileMountedCallback: pending pak file info (ChunkID:-1 Root:root:/ File:D:/INTERNET/UE_4.27/FeaturePacks/TP_SideScrollerBP.upack)
[2022.08.22-08.04.14:207][  0]LogPakFile: OnPakFileMounted2Time == 0.000094
[2022.08.22-08.04.14:222][  0]LogPakFile: PakFile PrimaryIndexSize=187
[2022.08.22-08.04.14:222][  0]LogPakFile: PakFile PathHashIndexSize=101
[2022.08.22-08.04.14:222][  0]LogPakFile: PakFile FullDirectoryIndexSize=148
[2022.08.22-08.04.14:222][  0]LogShaderLibrary: Display: ShaderCodeLibraryPakFileMountedCallback: PakFile 'D:/INTERNET/UE_4.27/FeaturePacks/TP_ThirdPerson.upack' (chunk index -1, root 'root:/') mounted
[2022.08.22-08.04.14:222][  0]LogShaderLibrary: Display: ShaderCodeLibraryPakFileMountedCallback: pending pak file info (ChunkID:-1 Root:root:/ File:D:/INTERNET/UE_4.27/FeaturePacks/TP_ThirdPerson.upack)
[2022.08.22-08.04.14:222][  0]LogPakFile: OnPakFileMounted2Time == 0.000103
[2022.08.22-08.04.14:224][  0]LogPakFile: PakFile PrimaryIndexSize=189
[2022.08.22-08.04.14:224][  0]LogPakFile: PakFile PathHashIndexSize=101
[2022.08.22-08.04.14:224][  0]LogPakFile: PakFile FullDirectoryIndexSize=152
[2022.08.22-08.04.14:224][  0]LogShaderLibrary: Display: ShaderCodeLibraryPakFileMountedCallback: PakFile 'D:/INTERNET/UE_4.27/FeaturePacks/TP_ThirdPersonBP.upack' (chunk index -1, root 'root:/') mounted
[2022.08.22-08.04.14:224][  0]LogShaderLibrary: Display: ShaderCodeLibraryPakFileMountedCallback: pending pak file info (ChunkID:-1 Root:root:/ File:D:/INTERNET/UE_4.27/FeaturePacks/TP_ThirdPersonBP.upack)
[2022.08.22-08.04.14:224][  0]LogPakFile: OnPakFileMounted2Time == 0.000086
[2022.08.22-08.04.14:227][  0]LogPakFile: PakFile PrimaryIndexSize=183
[2022.08.22-08.04.14:227][  0]LogPakFile: PakFile PathHashIndexSize=101
[2022.08.22-08.04.14:227][  0]LogPakFile: PakFile FullDirectoryIndexSize=140
[2022.08.22-08.04.14:227][  0]LogShaderLibrary: Display: ShaderCodeLibraryPakFileMountedCallback: PakFile 'D:/INTERNET/UE_4.27/FeaturePacks/TP_TopDown.upack' (chunk index -1, root 'root:/') mounted
[2022.08.22-08.04.14:227][  0]LogShaderLibrary: Display: ShaderCodeLibraryPakFileMountedCallback: pending pak file info (ChunkID:-1 Root:root:/ File:D:/INTERNET/UE_4.27/FeaturePacks/TP_TopDown.upack)
[2022.08.22-08.04.14:228][  0]LogPakFile: OnPakFileMounted2Time == 0.000101
[2022.08.22-08.04.14:229][  0]LogPakFile: PakFile PrimaryIndexSize=185
[2022.08.22-08.04.14:229][  0]LogPakFile: PakFile PathHashIndexSize=101
[2022.08.22-08.04.14:230][  0]LogPakFile: PakFile FullDirectoryIndexSize=144
[2022.08.22-08.04.14:230][  0]LogShaderLibrary: Display: ShaderCodeLibraryPakFileMountedCallback: PakFile 'D:/INTERNET/UE_4.27/FeaturePacks/TP_TopDownBP.upack' (chunk index -1, root 'root:/') mounted
[2022.08.22-08.04.14:230][  0]LogShaderLibrary: Display: ShaderCodeLibraryPakFileMountedCallback: pending pak file info (ChunkID:-1 Root:root:/ File:D:/INTERNET/UE_4.27/FeaturePacks/TP_TopDownBP.upack)
[2022.08.22-08.04.14:230][  0]LogPakFile: OnPakFileMounted2Time == 0.000083
[2022.08.22-08.04.14:244][  0]LogPakFile: PakFile PrimaryIndexSize=185
[2022.08.22-08.04.14:244][  0]LogPakFile: PakFile PathHashIndexSize=101
[2022.08.22-08.04.14:244][  0]LogPakFile: PakFile FullDirectoryIndexSize=144
[2022.08.22-08.04.14:244][  0]LogShaderLibrary: Display: ShaderCodeLibraryPakFileMountedCallback: PakFile 'D:/INTERNET/UE_4.27/FeaturePacks/TP_TwinStick.upack' (chunk index -1, root 'root:/') mounted
[2022.08.22-08.04.14:244][  0]LogShaderLibrary: Display: ShaderCodeLibraryPakFileMountedCallback: pending pak file info (ChunkID:-1 Root:root:/ File:D:/INTERNET/UE_4.27/FeaturePacks/TP_TwinStick.upack)
[2022.08.22-08.04.14:244][  0]LogPakFile: OnPakFileMounted2Time == 0.000098
[2022.08.22-08.04.14:246][  0]LogPakFile: PakFile PrimaryIndexSize=187
[2022.08.22-08.04.14:247][  0]LogPakFile: PakFile PathHashIndexSize=101
[2022.08.22-08.04.14:247][  0]LogPakFile: PakFile FullDirectoryIndexSize=148
[2022.08.22-08.04.14:247][  0]LogShaderLibrary: Display: ShaderCodeLibraryPakFileMountedCallback: PakFile 'D:/INTERNET/UE_4.27/FeaturePacks/TP_TwinStickBP.upack' (chunk index -1, root 'root:/') mounted
[2022.08.22-08.04.14:247][  0]LogShaderLibrary: Display: ShaderCodeLibraryPakFileMountedCallback: pending pak file info (ChunkID:-1 Root:root:/ File:D:/INTERNET/UE_4.27/FeaturePacks/TP_TwinStickBP.upack)
[2022.08.22-08.04.14:247][  0]LogPakFile: OnPakFileMounted2Time == 0.000088
[2022.08.22-08.04.14:249][  0]LogPakFile: PakFile PrimaryIndexSize=183
[2022.08.22-08.04.14:249][  0]LogPakFile: PakFile PathHashIndexSize=101
[2022.08.22-08.04.14:249][  0]LogPakFile: PakFile FullDirectoryIndexSize=140
[2022.08.22-08.04.14:249][  0]LogShaderLibrary: Display: ShaderCodeLibraryPakFileMountedCallback: PakFile 'D:/INTERNET/UE_4.27/FeaturePacks/TP_Vehicle.upack' (chunk index -1, root 'root:/') mounted
[2022.08.22-08.04.14:249][  0]LogShaderLibrary: Display: ShaderCodeLibraryPakFileMountedCallback: pending pak file info (ChunkID:-1 Root:root:/ File:D:/INTERNET/UE_4.27/FeaturePacks/TP_Vehicle.upack)
[2022.08.22-08.04.14:249][  0]LogPakFile: OnPakFileMounted2Time == 0.000087
[2022.08.22-08.04.14:253][  0]LogPakFile: PakFile PrimaryIndexSize=186
[2022.08.22-08.04.14:253][  0]LogPakFile: PakFile PathHashIndexSize=101
[2022.08.22-08.04.14:253][  0]LogPakFile: PakFile FullDirectoryIndexSize=146
[2022.08.22-08.04.14:254][  0]LogShaderLibrary: Display: ShaderCodeLibraryPakFileMountedCallback: PakFile 'D:/INTERNET/UE_4.27/FeaturePacks/TP_VehicleAdv.upack' (chunk index -1, root 'root:/') mounted
[2022.08.22-08.04.14:254][  0]LogShaderLibrary: Display: ShaderCodeLibraryPakFileMountedCallback: pending pak file info (ChunkID:-1 Root:root:/ File:D:/INTERNET/UE_4.27/FeaturePacks/TP_VehicleAdv.upack)
[2022.08.22-08.04.14:254][  0]LogPakFile: OnPakFileMounted2Time == 0.000159
[2022.08.22-08.04.14:266][  0]LogPakFile: PakFile PrimaryIndexSize=188
[2022.08.22-08.04.14:266][  0]LogPakFile: PakFile PathHashIndexSize=101
[2022.08.22-08.04.14:266][  0]LogPakFile: PakFile FullDirectoryIndexSize=150
[2022.08.22-08.04.14:266][  0]LogShaderLibrary: Display: ShaderCodeLibraryPakFileMountedCallback: PakFile 'D:/INTERNET/UE_4.27/FeaturePacks/TP_VehicleAdvBP.upack' (chunk index -1, root 'root:/') mounted
[2022.08.22-08.04.14:266][  0]LogShaderLibrary: Display: ShaderCodeLibraryPakFileMountedCallback: pending pak file info (ChunkID:-1 Root:root:/ File:D:/INTERNET/UE_4.27/FeaturePacks/TP_VehicleAdvBP.upack)
[2022.08.22-08.04.14:266][  0]LogPakFile: OnPakFileMounted2Time == 0.000089
[2022.08.22-08.04.14:268][  0]LogPakFile: PakFile PrimaryIndexSize=185
[2022.08.22-08.04.14:268][  0]LogPakFile: PakFile PathHashIndexSize=101
[2022.08.22-08.04.14:268][  0]LogPakFile: PakFile FullDirectoryIndexSize=144
[2022.08.22-08.04.14:268][  0]LogShaderLibrary: Display: ShaderCodeLibraryPakFileMountedCallback: PakFile 'D:/INTERNET/UE_4.27/FeaturePacks/TP_VehicleBP.upack' (chunk index -1, root 'root:/') mounted
[2022.08.22-08.04.14:268][  0]LogShaderLibrary: Display: ShaderCodeLibraryPakFileMountedCallback: pending pak file info (ChunkID:-1 Root:root:/ File:D:/INTERNET/UE_4.27/FeaturePacks/TP_VehicleBP.upack)
[2022.08.22-08.04.14:268][  0]LogPakFile: OnPakFileMounted2Time == 0.000087
[2022.08.22-08.04.14:271][  0]LogPakFile: PakFile PrimaryIndexSize=192
[2022.08.22-08.04.14:271][  0]LogPakFile: PakFile PathHashIndexSize=101
[2022.08.22-08.04.14:271][  0]LogPakFile: PakFile FullDirectoryIndexSize=158
[2022.08.22-08.04.14:271][  0]LogShaderLibrary: Display: ShaderCodeLibraryPakFileMountedCallback: PakFile 'D:/INTERNET/UE_4.27/FeaturePacks/TP_VirtualRealityBP.upack' (chunk index -1, root 'root:/') mounted
[2022.08.22-08.04.14:271][  0]LogShaderLibrary: Display: ShaderCodeLibraryPakFileMountedCallback: pending pak file info (ChunkID:-1 Root:root:/ File:D:/INTERNET/UE_4.27/FeaturePacks/TP_VirtualRealityBP.upack)
[2022.08.22-08.04.14:271][  0]LogPakFile: OnPakFileMounted2Time == 0.000095
[2022.08.22-08.04.15:799][  0]LogNativeClassHierarchy: Verbose: Native class hierarchy updated for 'AddContentDialog' in 0.0006 seconds. Added 0 classes and 0 folders.
[2022.08.22-08.04.15:802][  0]LogNativeClassHierarchy: Verbose: Native class hierarchy updated for 'SceneOutliner' in 0.0006 seconds. Added 2 classes and 0 folders.
[2022.08.22-08.04.15:933][  0]LogSlate: Took 0.000177 seconds to synchronously load lazily loaded font '../../../Engine/Content/Slate/Fonts/Roboto-Regular.ttf' (155K)
[2022.08.22-08.04.16:007][  0]LogSlate: Took 0.072321 seconds to synchronously load lazily loaded font '../../../Engine/Content/Editor/Slate/Fonts/FontAwesome.ttf' (139K)
[2022.08.22-08.04.16:009][  0]LogSlate: Took 0.000157 seconds to synchronously load lazily loaded font '../../../Engine/Content/Slate/Fonts/Roboto-Bold.ttf' (160K)
[2022.08.22-08.04.16:217][  0]LogRenderer: Reallocating scene render targets to support 984x460 Format 9 NumSamples 1 (Frame:1).
[2022.08.22-08.04.16:364][  0]LogNativeClassHierarchy: Verbose: Native class hierarchy updated for 'HierarchicalLODOutliner' in 0.0004 seconds. Added 0 classes and 0 folders.
[2022.08.22-08.04.16:364][  0]LogLoad: (Engine Initialization) Total time: 17.88 seconds
[2022.08.22-08.04.16:364][  0]LogLoad: (Engine Initialization) Total Blueprint compile time: 0.00 seconds
[2022.08.22-08.04.16:426][  0]LogAssetRegistry: Asset discovery search completed in 13.6874 seconds
[2022.08.22-08.04.16:433][  0]LogCollectionManager: Fixed up redirectors for 0 collections in 0.000003 seconds (updated 0 objects)
[2022.08.22-08.04.16:434][  0]LogContentStreaming: Texture pool size now 600 MB
[2022.08.22-08.04.16:464][  1]LogRenderer: Reallocating scene render targets to support 984x476 Format 9 NumSamples 1 (Frame:3).
[2022.08.22-08.04.16:466][  1]LogFileCache: Retrieving MD5 hashes for directory 'D:/Programming/Github/UE4_Overcharged-59c745a522ae409834360515b16e2f3d8499cf40/ProjectOvercharged/Content/' took 0.08s
[2022.08.22-08.04.16:550][  2]LogSlate: Took 0.008109 seconds to synchronously load lazily loaded font '../../../Engine/Content/Slate/Fonts/Roboto-Light.ttf' (167K)
[2022.08.22-08.17.23:148][395]LogAudioMixer: Warning: Changing default audio render device to new device: {0.0.0.00000000}.{6f533333-b53c-4404-a5fd-7749400f5798}.
[2022.08.22-08.17.23:148][395]LogAudioMixer: Resetting audio stream to device id 
[2022.08.22-08.17.23:161][395]LogAudioMixer: Warning: Did not find the channel type flags for audio device 'Наушники (2- WH-CH510)'. Reverting to a default channel ordering.
[2022.08.22-08.17.23:161][395]LogAudioMixer: Display: 0: FrontLeft
[2022.08.22-08.17.23:161][395]LogAudioMixer: Display: 1: FrontRight
[2022.08.22-08.17.33:554][426]LogAudioMixer: Warning: Changing default audio render device to new device: {0.0.0.00000000}.{10cf017b-05b0-421e-831e-138c453b4787}.
[2022.08.22-08.17.33:554][426]LogAudioMixer: Resetting audio stream to device id 
[2022.08.22-08.17.33:569][426]LogAudioMixer: Display: 0: FrontLeft
[2022.08.22-08.17.33:569][426]LogAudioMixer: Display: 1: FrontRight
[2022.08.22-08.17.34:555][429]LogAudioMixer: Warning: Changing default audio render device to new device: {0.0.0.00000000}.{6f533333-b53c-4404-a5fd-7749400f5798}.
[2022.08.22-08.17.34:555][429]LogAudioMixer: Resetting audio stream to device id 
[2022.08.22-08.17.34:562][429]LogAudioMixer: Warning: Did not find the channel type flags for audio device 'Наушники (2- WH-CH510)'. Reverting to a default channel ordering.
[2022.08.22-08.17.34:562][429]LogAudioMixer: Display: 0: FrontLeft
[2022.08.22-08.17.34:562][429]LogAudioMixer: Display: 1: FrontRight
